#
# There is insufficient memory for the Java Runtime Environment to continue.
# Native memory allocation (mmap) failed to map 65536 bytes. Error detail: Failed to commit metaspace.
# Possible reasons:
#   The system is out of physical RAM or swap space
#   This process is running with CompressedOops enabled, and the Java Heap may be blocking the growth of the native heap
# Possible solutions:
#   Reduce memory load on the system
#   Increase physical memory or swap space
#   Check if swap backing store is full
#   Decrease Java heap size (-Xmx/-Xms)
#   Decrease number of Java threads
#   Decrease Java thread stack sizes (-Xss)
#   Set larger code cache with -XX:ReservedCodeCacheSize=
#   JVM is running with Unscaled Compressed Oops mode in which the Java heap is
#     placed in the first 4GB address space. The Java Heap base address is the
#     maximum limit for the native heap growth. Please use -XX:HeapBaseMinAddress
#     to set the Java Heap base and to place the Java Heap above 4GB virtual address.
# This output file may be truncated or incomplete.
#
#  Out of Memory Error (virtualSpaceNode.cpp:113), pid=7880, tid=23872
#
# JRE version: OpenJDK Runtime Environment Temurin-21.0.9+10 (21.0.9+10) (build 21.0.9+10-LTS)
# Java VM: OpenJDK 64-Bit Server VM Temurin-21.0.9+10 (21.0.9+10-LTS, mixed mode, sharing, tiered, compressed oops, compressed class ptrs, parallel gc, windows-amd64)
# No core dump will be written. Minidumps are not enabled by default on client versions of Windows
#

---------------  S U M M A R Y ------------

Command Line: --add-modules=ALL-SYSTEM --add-opens=java.base/java.util=ALL-UNNAMED --add-opens=java.base/java.lang=ALL-UNNAMED --add-opens=java.base/sun.nio.fs=ALL-UNNAMED -Declipse.application=org.eclipse.jdt.ls.core.id1 -Dosgi.bundles.defaultStartLevel=4 -Declipse.product=org.eclipse.jdt.ls.core.product -Djava.import.generatesMetadataFilesAtProjectRoot=false -DDetectVMInstallationsJob.disabled=true -Dfile.encoding=utf8 -XX:+UseParallelGC -XX:GCTimeRatio=4 -XX:AdaptiveSizePolicyWeight=90 -Dsun.zip.disableMemoryMapping=true -Xmx2G -Xms100m -Xlog:disable -javaagent:c:\Users\Kasidit\.vscode\extensions\redhat.java-1.52.0-win32-x64\lombok\lombok-1.18.39-4050.jar -XX:+HeapDumpOnOutOfMemoryError -XX:HeapDumpPath=c:\Users\Kasidit\AppData\Roaming\Code\User\workspaceStorage\3c56febec22229e058cf2d660a35162d\redhat.java -Daether.dependencyCollector.impl=bf c:\Users\Kasidit\.vscode\extensions\redhat.java-1.52.0-win32-x64\server\plugins\org.eclipse.equinox.launcher_1.7.100.v20251111-0406.jar -configuration c:\Users\Kasidit\AppData\Roaming\Code\User\globalStorage\redhat.java\1.52.0\config_win -data c:\Users\Kasidit\AppData\Roaming\Code\User\workspaceStorage\3c56febec22229e058cf2d660a35162d\redhat.java\jdt_ws --pipe=\\.\pipe\lsp-73bef50fb83241be2fdc7ae81714a142-sock

Host: Intel(R) Core(TM) i5-8265U CPU @ 1.60GHz, 8 cores, 15G,  Windows 10 , 64 bit Build 19041 (10.0.19041.5915)
Time: Wed Feb 11 15:18:04 2026 SE Asia Standard Time elapsed time: 0.856606 seconds (0d 0h 0m 0s)

---------------  T H R E A D  ---------------

Current thread (0x00000229535d2540):  JavaThread "main"             [_thread_in_vm, id=23872, stack(0x0000004bd5e00000,0x0000004bd5f00000) (1024K)]

Stack: [0x0000004bd5e00000,0x0000004bd5f00000]
Native frames: (J=compiled Java code, j=interpreted, Vv=VM code, C=native code)
V  [jvm.dll+0x6d6e29]
V  [jvm.dll+0x8b4b76]
V  [jvm.dll+0x8b712e]
V  [jvm.dll+0x8b7813]
V  [jvm.dll+0x283d86]
V  [jvm.dll+0x8b08be]
V  [jvm.dll+0x678824]
V  [jvm.dll+0x67888a]
V  [jvm.dll+0x67b086]
V  [jvm.dll+0x67af52]
V  [jvm.dll+0x6791fe]
V  [jvm.dll+0x683568]
V  [jvm.dll+0x21937e]
V  [jvm.dll+0x219825]
V  [jvm.dll+0x21a218]
V  [jvm.dll+0x20f44e]
V  [jvm.dll+0x5b5a0f]
V  [jvm.dll+0x2210ce]
V  [jvm.dll+0x82d53d]
V  [jvm.dll+0x82e56b]
V  [jvm.dll+0x82ed50]
V  [jvm.dll+0x21799d]
V  [jvm.dll+0x21a161]
V  [jvm.dll+0x20f44e]
V  [jvm.dll+0x5b5a0f]
V  [jvm.dll+0x2210ce]
V  [jvm.dll+0x82d53d]
V  [jvm.dll+0x82e56b]
V  [jvm.dll+0x82eb34]
V  [jvm.dll+0x82e7c8]
V  [jvm.dll+0x2716ad]
V  [jvm.dll+0x2718ea]
V  [jvm.dll+0x5d8be7]
V  [jvm.dll+0x5dbbd6]
V  [jvm.dll+0x3e03f2]
V  [jvm.dll+0x3dfaaa]
C  0x000002295dd28080

The last pc belongs to invokestatic (printed below).
Java frames: (J=compiled Java code, j=interpreted, Vv=VM code)
j  sun.security.util.DisabledAlgorithmConstraints$DenyAfterConstraint.<init>(Ljava/lang/String;III)V+73 java.base@21.0.9
j  sun.security.util.DisabledAlgorithmConstraints$Constraints.<init>(Ljava/lang/String;Ljava/util/Set;)V+624 java.base@21.0.9
j  sun.security.util.DisabledAlgorithmConstraints.<init>(Ljava/lang/String;Lsun/security/util/AlgorithmDecomposer;)V+144 java.base@21.0.9
j  sun.security.util.DisabledAlgorithmConstraints.<init>(Ljava/lang/String;)V+9 java.base@21.0.9
j  sun.security.util.DisabledAlgorithmConstraints$JarHolder.<clinit>()V+6 java.base@21.0.9
v  ~StubRoutines::call_stub 0x000002295dd1100d
j  sun.security.util.DisabledAlgorithmConstraints.jarConstraints()Lsun/security/util/DisabledAlgorithmConstraints;+0 java.base@21.0.9
j  sun.security.pkcs.SignerInfo.<clinit>()V+0 java.base@21.0.9
v  ~StubRoutines::call_stub 0x000002295dd1100d
j  sun.security.pkcs.PKCS7.parseSignedData(Lsun/security/util/DerValue;)V+622 java.base@21.0.9
j  sun.security.pkcs.PKCS7.parse(Lsun/security/util/DerInputStream;Z)V+51 java.base@21.0.9
j  sun.security.pkcs.PKCS7.parse(Lsun/security/util/DerInputStream;)V+11 java.base@21.0.9
j  sun.security.pkcs.PKCS7.<init>([B)V+50 java.base@21.0.9
j  sun.security.util.SignatureFileVerifier.<init>(Ljava/util/ArrayList;Lsun/security/util/ManifestDigester;Ljava/lang/String;[B)V+35 java.base@21.0.9
j  java.util.jar.JarVerifier.processEntry(Lsun/security/util/ManifestEntryVerifier;)V+319 java.base@21.0.9
j  java.util.jar.JarVerifier.update(I[BIILsun/security/util/ManifestEntryVerifier;)V+39 java.base@21.0.9
j  java.util.jar.JarFile.initializeVerifier()V+164 java.base@21.0.9
j  java.util.jar.JarFile.ensureInitialization()V+36 java.base@21.0.9
j  java.util.jar.JavaUtilJarAccessImpl.ensureInitialization(Ljava/util/jar/JarFile;)V+1 java.base@21.0.9
j  jdk.internal.loader.URLClassPath$JarLoader$2.getManifest()Ljava/util/jar/Manifest;+10 java.base@21.0.9
j  jdk.internal.loader.BuiltinClassLoader.defineClass(Ljava/lang/String;Ljdk/internal/loader/Resource;)Ljava/lang/Class;+29 java.base@21.0.9
j  jdk.internal.loader.BuiltinClassLoader.findClassOnClassPathOrNull(Ljava/lang/String;)Ljava/lang/Class;+37 java.base@21.0.9
j  jdk.internal.loader.BuiltinClassLoader.loadClassOrNull(Ljava/lang/String;Z)Ljava/lang/Class;+111 java.base@21.0.9
j  jdk.internal.loader.BuiltinClassLoader.loadClass(Ljava/lang/String;Z)Ljava/lang/Class;+3 java.base@21.0.9
j  jdk.internal.loader.ClassLoaders$AppClassLoader.loadClass(Ljava/lang/String;Z)Ljava/lang/Class;+36 java.base@21.0.9
j  java.lang.ClassLoader.loadClass(Ljava/lang/String;)Ljava/lang/Class;+3 java.base@21.0.9
v  ~StubRoutines::call_stub 0x000002295dd1100d
j  java.lang.Class.forName0(Ljava/lang/String;ZLjava/lang/ClassLoader;Ljava/lang/Class;)Ljava/lang/Class;+0 java.base@21.0.9
j  java.lang.Class.forName(Ljava/lang/String;ZLjava/lang/ClassLoader;Ljava/lang/Class;)Ljava/lang/Class;+37 java.base@21.0.9
j  java.lang.Class.forName(Ljava/lang/String;ZLjava/lang/ClassLoader;)Ljava/lang/Class;+20 java.base@21.0.9
j  sun.launcher.LauncherHelper.loadMainClass(ILjava/lang/String;)Ljava/lang/Class;+95 java.base@21.0.9
j  sun.launcher.LauncherHelper.checkAndLoadMain(ZILjava/lang/String;)Ljava/lang/Class;+42 java.base@21.0.9
v  ~StubRoutines::call_stub 0x000002295dd1100d
invokestatic  184 invokestatic  [0x000002295dd27fe0, 0x000002295dd282a8]  712 bytes
[MachCode]
  0x000002295dd27fe0: 4883 ec08 | c5fa 1104 | 24eb 1f48 | 83ec 10c5 | fb11 0424 | eb14 4883 | ec10 4889 | 0424 48c7 
  0x000002295dd28000: 4424 0800 | 0000 00eb | 0150 4c89 | 6dc0 410f | b755 0148 | 8b4d d0c1 | e202 8b5c | d138 c1eb 
  0x000002295dd28020: 1081 e3ff | 0000 0081 | fbb8 0000 | 000f 84b4 | 0000 00bb | b800 0000 | e805 0000 | 00e9 9900 
  0x000002295dd28040: 0000 488b | d348 8d44 | 2408 4c89 | 6dc0 498b | cfc5 f877 | 4989 afa8 | 0300 0049 | 8987 9803 
  0x000002295dd28060: 0000 4883 | ec20 40f6 | c40f 0f84 | 1900 0000 | 4883 ec08 | 48b8 40fa | f8cf fc7f | 0000 ffd0 
  0x000002295dd28080: 4883 c408 | e90c 0000 | 0048 b840 | faf8 cffc | 7f00 00ff | d048 83c4 | 2049 c787 | 9803 0000 
  0x000002295dd280a0: 0000 0000 | 49c7 87a8 | 0300 0000 | 0000 0049 | c787 a003 | 0000 0000 | 0000 c5f8 | 7749 837f 
  0x000002295dd280c0: 0800 0f84 | 0500 0000 | e933 8efe | ff4c 8b6d | c04c 8b75 | c84e 8d74 | f500 c341 | 0fb7 5501 
  0x000002295dd280e0: 488b 4dd0 | c1e2 0248 | 8b5c d140 | 488b 5b08 | 488b 5b08 | 488b 5b18 | 80bb 3101 | 0000 040f 
  0x000002295dd28100: 840d 0000 | 004c 3bbb | 3801 0000 | 0f85 21ff | ffff 488b | 5cd1 408b | 54d1 50c1 | ea1c 49ba 
  0x000002295dd28120: 40d4 87d0 | fc7f 0000 | 498b 14d2 | 5248 8b45 | d848 85c0 | 0f84 1200 | 0000 4883 | 4008 0148 
  0x000002295dd28140: 8358 0800 | 4883 c010 | 4889 45d8 | 488b 45d8 | 4885 c00f | 843d 0100 | 0080 78f0 | 0a0f 8533 
  0x000002295dd28160: 0100 0048 | 83c0 084c | 8b68 f841 | 83ed 0041 | 83fd 020f | 8c12 0100 | 004c 8b6b | 0845 0fb7 
  0x000002295dd28180: 6d2e 4c2b | 2841 83ed | 014e 8b6c | ec08 4d85 | ed75 0ef6 | 4008 0175 | 58f0 4883 | 4808 01eb 
  0x000002295dd281a0: 5045 8b6d | 0849 ba00 | 0000 0029 | 0200 004d | 03ea 4d8b | d54c 3368 | 0849 f7c5 | fcff ffff 
  0x000002295dd281c0: 742f 41f6 | c502 7529 | 4883 7808 | 0074 1e48 | 8378 0801 | 7417 4d8b | ea4c 3368 | 0849 f7c5 
  0x000002295dd281e0: fcff ffff | 740b 4883 | 4808 02eb | 044c 8968 | 0848 83c0 | 104c 8b68 | e841 83ed | 0241 83fd 
  0x000002295dd28200: 020f 8c84 | 0000 004c | 8b6b 0845 | 0fb7 6d2e | 4c2b 2841 | 83ed 014e | 8b6c ec08 | 4d85 ed75 
  0x000002295dd28220: 0ef6 4008 | 0175 58f0 | 4883 4808 | 01eb 5045 | 8b6d 0849 | ba00 0000 | 0029 0200 | 004d 03ea 
  0x000002295dd28240: 4d8b d54c | 3368 0849 | f7c5 fcff | ffff 742f | 41f6 c502 | 7529 4883 | 7808 0074 | 1e48 8378 
  0x000002295dd28260: 0801 7417 | 4d8b ea4c | 3368 0849 | f7c5 fcff | ffff 740b | 4883 4808 | 02eb 044c | 8968 0848 
  0x000002295dd28280: 83c0 104c | 8b68 d841 | 83ed 0441 | c1e5 0349 | 03c5 4889 | 45d8 4c8d | 6c24 084c | 896d f0ff 
  0x000002295dd282a0: 6350 660f | 1f44 0000 
[/MachCode]

---------------  P R O C E S S  ---------------

Threads class SMR info:
_java_thread_list=0x000002296bc41cd0, length=12, elements={
0x00000229535d2540, 0x000002296a040230, 0x000002296a0419f0, 0x000002296a0474a0,
0x000002296a0480f0, 0x000002296a0494e0, 0x000002296a04fce0, 0x000002296a054a70,
0x000002296a057510, 0x000002296bb27020, 0x000002296bb0e5c0, 0x000002296bb10000
}

Java Threads: ( => current thread )
=>0x00000229535d2540 JavaThread "main"                              [_thread_in_vm, id=23872, stack(0x0000004bd5e00000,0x0000004bd5f00000) (1024K)]
  0x000002296a040230 JavaThread "Reference Handler"          daemon [_thread_blocked, id=15272, stack(0x0000004bd6200000,0x0000004bd6300000) (1024K)]
  0x000002296a0419f0 JavaThread "Finalizer"                  daemon [_thread_blocked, id=6552, stack(0x0000004bd6300000,0x0000004bd6400000) (1024K)]
  0x000002296a0474a0 JavaThread "Signal Dispatcher"          daemon [_thread_blocked, id=5236, stack(0x0000004bd6400000,0x0000004bd6500000) (1024K)]
  0x000002296a0480f0 JavaThread "Attach Listener"            daemon [_thread_blocked, id=20748, stack(0x0000004bd6500000,0x0000004bd6600000) (1024K)]
  0x000002296a0494e0 JavaThread "Service Thread"             daemon [_thread_blocked, id=14264, stack(0x0000004bd6600000,0x0000004bd6700000) (1024K)]
  0x000002296a04fce0 JavaThread "Monitor Deflation Thread"   daemon [_thread_blocked, id=17736, stack(0x0000004bd6700000,0x0000004bd6800000) (1024K)]
  0x000002296a054a70 JavaThread "C2 CompilerThread0"         daemon [_thread_in_native, id=27684, stack(0x0000004bd6800000,0x0000004bd6900000) (1024K)]
  0x000002296a057510 JavaThread "C1 CompilerThread0"         daemon [_thread_blocked, id=17080, stack(0x0000004bd6900000,0x0000004bd6a00000) (1024K)]
  0x000002296bb27020 JavaThread "C2 CompilerThread1"         daemon [_thread_blocked, id=20248, stack(0x0000004bd6a00000,0x0000004bd6b00000) (1024K)]
  0x000002296bb0e5c0 JavaThread "Common-Cleaner"             daemon [_thread_blocked, id=16828, stack(0x0000004bd6b00000,0x0000004bd6c00000) (1024K)]
  0x000002296bb10000 JavaThread "Notification Thread"        daemon [_thread_blocked, id=15940, stack(0x0000004bd6c00000,0x0000004bd6d00000) (1024K)]
Total: 12

Other Threads:
  0x000002296a032660 VMThread "VM Thread"                           [id=24412, stack(0x0000004bd6100000,0x0000004bd6200000) (1024K)]
  0x000002295363db80 WatcherThread "VM Periodic Task Thread"        [id=27352, stack(0x0000004bd6000000,0x0000004bd6100000) (1024K)]
  0x00000229535eee20 WorkerThread "GC Thread#0"                     [id=1464, stack(0x0000004bd5f00000,0x0000004bd6000000) (1024K)]
Total: 3

Threads with active compile tasks:
C2 CompilerThread0  936  641       4       lombok.patcher.scripts.MethodLevelPatchScript::patch (21 bytes)
Total: 1

VM state: not at safepoint (normal execution)

VM Mutex/Monitor currently owned by a thread:  ([mutex/lock_event])
[0x00007ffcd086b4f0] Metaspace_lock - owner thread: 0x00000229535d2540

Heap address: 0x0000000080000000, size: 2048 MB, Compressed Oops mode: 32-bit

CDS archive(s) mapped at: [0x0000022900000000-0x0000022900ba0000-0x0000022900ba0000), size 12189696, SharedBaseAddress: 0x0000022900000000, ArchiveRelocationMode: 1.
Compressed class space mapped at: 0x0000022901000000-0x0000022941000000, reserved size: 1073741824
Narrow klass base: 0x0000022900000000, Narrow klass shift: 0, Narrow klass range: 0x100000000

GC Precious Log:
 CardTable entry size: 512
 CPUs: 8 total, 8 available
 Memory: 16017M
 Large Page Support: Disabled
 NUMA Support: Disabled
 Compressed Oops: Enabled (32-bit)
 Alignments: Space 512K, Generation 512K, Heap 2M
 Heap Min Capacity: 100M
 Heap Initial Capacity: 100M
 Heap Max Capacity: 2G
 Pre-touch: Disabled
 Parallel Workers: 8

Heap:
 PSYoungGen      total 29696K, used 12827K [0x00000000d5580000, 0x00000000d7680000, 0x0000000100000000)
  eden space 25600K, 50% used [0x00000000d5580000,0x00000000d6206c30,0x00000000d6e80000)
  from space 4096K, 0% used [0x00000000d7280000,0x00000000d7280000,0x00000000d7680000)
  to   space 4096K, 0% used [0x00000000d6e80000,0x00000000d6e80000,0x00000000d7280000)
 ParOldGen       total 68608K, used 0K [0x0000000080000000, 0x0000000084300000, 0x00000000d5580000)
  object space 68608K, 0% used [0x0000000080000000,0x0000000080000000,0x0000000084300000)
 Metaspace       used 2268K, committed 2432K, reserved 1114112K
  class space    used 231K, committed 320K, reserved 1048576K

Card table byte_map: [0x0000022952f80000,0x0000022953390000] _byte_map_base: 0x0000022952b80000

Marking Bits: (ParMarkBitMap*) 0x00007ffcd0872460
 Begin Bits: [0x0000022965a90000, 0x0000022967a90000)
 End Bits:   [0x0000022967a90000, 0x0000022969a90000)

Polling page: 0x00000229515a0000

Metaspace:

Usage:
  Non-class:      1.99 MB used.
      Class:    231.16 KB used.
       Both:      2.22 MB used.

Virtual space:
  Non-class space:       64.00 MB reserved,       2.06 MB (  3%) committed,  1 nodes.
      Class space:        1.00 GB reserved,     320.00 KB ( <1%) committed,  1 nodes.
             Both:        1.06 GB reserved,       2.38 MB ( <1%) committed. 

Chunk freelists:
   Non-Class:  11.65 MB
       Class:  15.67 MB
        Both:  27.32 MB

MaxMetaspaceSize: unlimited
CompressedClassSpaceSize: 1.00 GB
Initial GC threshold: 21.00 MB
Current GC threshold: 21.00 MB
CDS: on
 - commit_granule_bytes: 65536.
 - commit_granule_words: 8192.
 - virtual_space_node_default_size: 8388608.
 - enlarge_chunks_in_place: 1.
 - use_allocation_guard: 0.


Internal statistics:

num_allocs_failed_limit: 0.
num_arena_births: 80.
num_arena_deaths: 0.
num_vsnodes_births: 2.
num_vsnodes_deaths: 0.
num_space_committed: 38.
num_space_uncommitted: 0.
num_chunks_returned_to_freelist: 0.
num_chunks_taken_from_freelist: 102.
num_chunk_merges: 0.
num_chunk_splits: 72.
num_chunks_enlarged: 46.
num_inconsistent_stats: 0.

CodeHeap 'non-profiled nmethods': size=120000Kb used=239Kb max_used=239Kb free=119760Kb
 bounds [0x000002295e2b0000, 0x000002295e520000, 0x00000229657e0000]
CodeHeap 'profiled nmethods': size=120000Kb used=984Kb max_used=984Kb free=119015Kb
 bounds [0x00000229567e0000, 0x0000022956a50000, 0x000002295dd10000]
CodeHeap 'non-nmethods': size=5760Kb used=1173Kb max_used=1202Kb free=4586Kb
 bounds [0x000002295dd10000, 0x000002295df80000, 0x000002295e2b0000]
CodeCache: size=245760Kb, used=2396Kb, max_used=2425Kb, free=243361Kb
 total_blobs=1092, nmethods=665, adapters=334, full_count=0
Compilation: enabled, stopped_count=0, restarted_count=0

Compilation events (20 events):
Event: 0.845 Thread 0x000002296a057510  660       3       java.math.BigInteger::trustedStripLeadingZeroInts (37 bytes)
Event: 0.846 Thread 0x000002296a057510 nmethod 660 0x00000229568d1990 code [0x00000229568d1c60, 0x00000229568d2990]
Event: 0.846 Thread 0x000002296a057510  658       3       java.util.LinkedHashMap::linkNodeAtEnd (76 bytes)
Event: 0.846 Thread 0x000002296a057510 nmethod 658 0x00000229568d2e10 code [0x00000229568d2fc0, 0x00000229568d32d0]
Event: 0.846 Thread 0x000002296a057510  659       1       java.math.BigInteger::signum (5 bytes)
Event: 0.847 Thread 0x000002296a057510 nmethod 659 0x000002295e2ea290 code [0x000002295e2ea420, 0x000002295e2ea4e8]
Event: 0.847 Thread 0x000002296a057510  661       3       java.util.regex.Pattern::isSupplementary (21 bytes)
Event: 0.848 Thread 0x000002296a057510 nmethod 661 0x00000229568d3410 code [0x00000229568d35c0, 0x00000229568d3818]
Event: 0.848 Thread 0x000002296a057510  662       3       java.lang.Character::isSurrogate (18 bytes)
Event: 0.848 Thread 0x000002296a057510 nmethod 662 0x00000229568d3910 code [0x00000229568d3aa0, 0x00000229568d3c18]
Event: 0.848 Thread 0x000002296a057510  664       3       java.lang.invoke.MemberName::getMethodOrFieldType (72 bytes)
Event: 0.850 Thread 0x000002296a057510 nmethod 664 0x00000229568d3c90 code [0x00000229568d3fe0, 0x00000229568d4d90]
Event: 0.850 Thread 0x000002296a057510  665       3       java.util.regex.Pattern::peek (26 bytes)
Event: 0.850 Thread 0x000002296a057510 nmethod 665 0x00000229568d5290 code [0x00000229568d5440, 0x00000229568d5698]
Event: 0.851 Thread 0x000002296a057510  666       3       java.lang.invoke.LambdaForm$NamedFunction::returnType (11 bytes)
Event: 0.851 Thread 0x000002296a057510 nmethod 666 0x00000229568d5790 code [0x00000229568d59a0, 0x00000229568d5eb8]
Event: 0.852 Thread 0x000002296a054a70 nmethod 653 0x000002295e2ea590 code [0x000002295e2ea720, 0x000002295e2eaa10]
Event: 0.852 Thread 0x000002296a054a70  641       4       lombok.patcher.scripts.MethodLevelPatchScript::patch (21 bytes)
Event: 0.853 Thread 0x000002296bb27020 nmethod 656 0x000002295e2eab90 code [0x000002295e2ead60, 0x000002295e2eb158]
Event: 0.853 Thread 0x000002296bb27020  663       4       java.lang.String::checkIndex (10 bytes)

GC Heap History (0 events):
No events

Dll operation events (8 events):
Event: 0.029 Loaded shared library c:\Users\Kasidit\.vscode\extensions\redhat.java-1.52.0-win32-x64\jre\21.0.9-win32-x86_64\bin\java.dll
Event: 0.201 Loaded shared library c:\Users\Kasidit\.vscode\extensions\redhat.java-1.52.0-win32-x64\jre\21.0.9-win32-x86_64\bin\zip.dll
Event: 0.252 Loaded shared library C:\Users\Kasidit\.vscode\extensions\redhat.java-1.52.0-win32-x64\jre\21.0.9-win32-x86_64\bin\instrument.dll
Event: 0.264 Loaded shared library C:\Users\Kasidit\.vscode\extensions\redhat.java-1.52.0-win32-x64\jre\21.0.9-win32-x86_64\bin\net.dll
Event: 0.270 Loaded shared library C:\Users\Kasidit\.vscode\extensions\redhat.java-1.52.0-win32-x64\jre\21.0.9-win32-x86_64\bin\nio.dll
Event: 0.277 Loaded shared library C:\Users\Kasidit\.vscode\extensions\redhat.java-1.52.0-win32-x64\jre\21.0.9-win32-x86_64\bin\zip.dll
Event: 0.314 Loaded shared library C:\Users\Kasidit\.vscode\extensions\redhat.java-1.52.0-win32-x64\jre\21.0.9-win32-x86_64\bin\jimage.dll
Event: 0.444 Loaded shared library c:\Users\Kasidit\.vscode\extensions\redhat.java-1.52.0-win32-x64\jre\21.0.9-win32-x86_64\bin\verify.dll

Deoptimization events (20 events):
Event: 0.646 Thread 0x00000229535d2540 DEOPT PACKING pc=0x0000022956828158 sp=0x0000004bd5efa750
Event: 0.646 Thread 0x00000229535d2540 DEOPT UNPACKING pc=0x000002295dd64242 sp=0x0000004bd5ef9c10 mode 0
Event: 0.648 Thread 0x00000229535d2540 DEOPT PACKING pc=0x0000022956828158 sp=0x0000004bd5efa6e0
Event: 0.648 Thread 0x00000229535d2540 DEOPT UNPACKING pc=0x000002295dd64242 sp=0x0000004bd5ef9ba0 mode 0
Event: 0.650 Thread 0x00000229535d2540 DEOPT PACKING pc=0x0000022956828158 sp=0x0000004bd5efa3c0
Event: 0.650 Thread 0x00000229535d2540 DEOPT UNPACKING pc=0x000002295dd64242 sp=0x0000004bd5ef9880 mode 0
Event: 0.651 Thread 0x00000229535d2540 DEOPT PACKING pc=0x0000022956828158 sp=0x0000004bd5ef9790
Event: 0.651 Thread 0x00000229535d2540 DEOPT UNPACKING pc=0x000002295dd64242 sp=0x0000004bd5ef8c50 mode 0
Event: 0.661 Thread 0x00000229535d2540 DEOPT PACKING pc=0x0000022956828158 sp=0x0000004bd5efacd0
Event: 0.661 Thread 0x00000229535d2540 DEOPT UNPACKING pc=0x000002295dd64242 sp=0x0000004bd5efa190 mode 0
Event: 0.662 Thread 0x00000229535d2540 DEOPT PACKING pc=0x0000022956828158 sp=0x0000004bd5efb0c0
Event: 0.662 Thread 0x00000229535d2540 DEOPT UNPACKING pc=0x000002295dd64242 sp=0x0000004bd5efa580 mode 0
Event: 0.793 Thread 0x00000229535d2540 Uncommon trap: trap_request=0xffffff45 fr.pc=0x000002295e2e1684 relative=0x0000000000000164
Event: 0.793 Thread 0x00000229535d2540 Uncommon trap: reason=unstable_if action=reinterpret pc=0x000002295e2e1684 method=jdk.internal.util.ArraysSupport.vectorizedHashCode(Ljava/lang/Object;IIII)I @ 2 c2
Event: 0.793 Thread 0x00000229535d2540 DEOPT PACKING pc=0x000002295e2e1684 sp=0x0000004bd5efca50
Event: 0.793 Thread 0x00000229535d2540 DEOPT UNPACKING pc=0x000002295dd63aa2 sp=0x0000004bd5efca00 mode 2
Event: 0.812 Thread 0x00000229535d2540 Uncommon trap: trap_request=0xffffff45 fr.pc=0x000002295e2d1304 relative=0x00000000000000e4
Event: 0.812 Thread 0x00000229535d2540 Uncommon trap: reason=unstable_if action=reinterpret pc=0x000002295e2d1304 method=java.net.URI.match(CJJ)Z @ 45 c2
Event: 0.812 Thread 0x00000229535d2540 DEOPT PACKING pc=0x000002295e2d1304 sp=0x0000004bd5efcbd0
Event: 0.812 Thread 0x00000229535d2540 DEOPT UNPACKING pc=0x000002295dd63aa2 sp=0x0000004bd5efcb38 mode 2

Classes loaded (20 events):
Event: 0.845 Loading class java/util/StringTokenizer
Event: 0.846 Loading class java/util/StringTokenizer done
Event: 0.846 Loading class sun/security/util/DisabledAlgorithmConstraints$KeySizeConstraint
Event: 0.846 Loading class sun/security/util/DisabledAlgorithmConstraints$Constraint
Event: 0.846 Loading class sun/security/util/DisabledAlgorithmConstraints$Constraint done
Event: 0.846 Loading class sun/security/util/DisabledAlgorithmConstraints$KeySizeConstraint done
Event: 0.846 Loading class sun/security/util/DisabledAlgorithmConstraints$Constraint$Operator
Event: 0.846 Loading class sun/security/util/DisabledAlgorithmConstraints$Constraint$Operator done
Event: 0.847 Loading class sun/security/util/DisabledAlgorithmConstraints$DisabledConstraint
Event: 0.847 Loading class sun/security/util/DisabledAlgorithmConstraints$DisabledConstraint done
Event: 0.847 Loading class sun/security/util/DisabledAlgorithmConstraints$Constraints$Holder
Event: 0.847 Loading class sun/security/util/DisabledAlgorithmConstraints$Constraints$Holder done
Event: 0.849 Loading class java/util/regex/Pattern$BnM
Event: 0.849 Loading class java/util/regex/Pattern$BnM done
Event: 0.849 Loading class java/util/regex/Pattern$SliceS
Event: 0.849 Loading class java/util/regex/Pattern$SliceS done
Event: 0.849 Loading class sun/security/util/DisabledAlgorithmConstraints$DenyAfterConstraint
Event: 0.850 Loading class sun/security/util/DisabledAlgorithmConstraints$DenyAfterConstraint done
Event: 0.853 Loading class java/time/ZonedDateTime
Event: 0.853 Loading class java/time/chrono/ChronoZonedDateTime

Classes unloaded (0 events):
No events

Classes redefined (0 events):
No events

Internal exceptions (12 events):
Event: 0.192 Thread 0x00000229535d2540 Exception <a 'java/lang/NoSuchMethodError'{0x00000000d57a9258}: 'void java.lang.invoke.DirectMethodHandle$Holder.invokeStatic(java.lang.Object, java.lang.Object, java.lang.Object)'> (0x00000000d57a9258) 
thrown [s\src\hotspot\share\interpreter\linkResolver.cpp, line 773]
Event: 0.301 Thread 0x00000229535d2540 Exception <a 'java/lang/NoSuchMethodError'{0x00000000d5911cb8}: 'java.lang.Object java.lang.invoke.Invokers$Holder.invokeExact_MT(java.lang.Object, java.lang.Object, java.lang.Object, java.lang.Object, java.lang.Object)'> (0x00000000d5911cb8) 
thrown [s\src\hotspot\share\interpreter\linkResolver.cpp, line 773]
Event: 0.373 Thread 0x00000229535d2540 Exception <a 'java/lang/NoSuchMethodError'{0x00000000d59ca2e8}: 'int java.lang.invoke.DirectMethodHandle$Holder.invokeSpecial(java.lang.Object, java.lang.Object, java.lang.Object, int)'> (0x00000000d59ca2e8) 
thrown [s\src\hotspot\share\interpreter\linkResolver.cpp, line 773]
Event: 0.378 Thread 0x00000229535d2540 Exception <a 'java/lang/NoSuchMethodError'{0x00000000d59dccd0}: 'java.lang.Object java.lang.invoke.DirectMethodHandle$Holder.invokeStatic(java.lang.Object, java.lang.Object, java.lang.Object, java.lang.Object, int)'> (0x00000000d59dccd0) 
thrown [s\src\hotspot\share\interpreter\linkResolver.cpp, line 773]
Event: 0.381 Thread 0x00000229535d2540 Exception <a 'java/lang/NoSuchMethodError'{0x00000000d59e8110}: 'void java.lang.invoke.DelegatingMethodHandle$Holder.reinvoke_L(java.lang.Object, java.lang.Object, java.lang.Object, int, java.lang.Object)'> (0x00000000d59e8110) 
thrown [s\src\hotspot\share\interpreter\linkResolver.cpp, line 773]
Event: 0.385 Thread 0x00000229535d2540 Exception <a 'java/lang/NoSuchMethodError'{0x00000000d59f8a60}: 'int java.lang.invoke.DirectMethodHandle$Holder.invokeSpecial(java.lang.Object, java.lang.Object, java.lang.Object)'> (0x00000000d59f8a60) 
thrown [s\src\hotspot\share\interpreter\linkResolver.cpp, line 773]
Event: 0.388 Thread 0x00000229535d2540 Exception <a 'java/lang/NoSuchMethodError'{0x00000000d5a04720}: 'java.lang.Object java.lang.invoke.DirectMethodHandle$Holder.invokeStatic(java.lang.Object, java.lang.Object, int)'> (0x00000000d5a04720) 
thrown [s\src\hotspot\share\interpreter\linkResolver.cpp, line 773]
Event: 0.390 Thread 0x00000229535d2540 Exception <a 'java/lang/NoSuchMethodError'{0x00000000d5a09070}: 'void java.lang.invoke.DirectMethodHandle$Holder.invokeStatic(java.lang.Object, java.lang.Object, int, java.lang.Object)'> (0x00000000d5a09070) 
thrown [s\src\hotspot\share\interpreter\linkResolver.cpp, line 773]
Event: 0.391 Thread 0x00000229535d2540 Exception <a 'java/lang/NoSuchMethodError'{0x00000000d5a0cc00}: 'void java.lang.invoke.DirectMethodHandle$Holder.invokeSpecial(java.lang.Object, java.lang.Object, java.lang.Object, int, java.lang.Object)'> (0x00000000d5a0cc00) 
thrown [s\src\hotspot\share\interpreter\linkResolver.cpp, line 773]
Event: 0.391 Thread 0x00000229535d2540 Exception <a 'java/lang/NoSuchMethodError'{0x00000000d5a10070}: 'void java.lang.invoke.DelegatingMethodHandle$Holder.delegate(java.lang.Object, java.lang.Object, int, java.lang.Object)'> (0x00000000d5a10070) 
thrown [s\src\hotspot\share\interpreter\linkResolver.cpp, line 773]
Event: 0.480 Thread 0x00000229535d2540 Exception <a 'java/lang/NoSuchMethodError'{0x00000000d5bcf480}: 'void java.lang.invoke.DelegatingMethodHandle$Holder.reinvoke_L(java.lang.Object, java.lang.Object, java.lang.Object, int)'> (0x00000000d5bcf480) 
thrown [s\src\hotspot\share\interpreter\linkResolver.cpp, line 773]
Event: 0.779 Thread 0x00000229535d2540 Exception <a 'java/lang/NoSuchMethodError'{0x00000000d605ac40}: 'void java.lang.invoke.DirectMethodHandle$Holder.invokeVirtual(java.lang.Object, java.lang.Object)'> (0x00000000d605ac40) 
thrown [s\src\hotspot\share\interpreter\linkResolver.cpp, line 773]

ZGC Phase Switch (0 events):
No events

VM Operations (4 events):
Event: 0.198 Executing VM operation: HandshakeAllThreads (Deoptimize)
Event: 0.198 Executing VM operation: HandshakeAllThreads (Deoptimize) done
Event: 0.337 Executing VM operation: HandshakeAllThreads (Deoptimize)
Event: 0.337 Executing VM operation: HandshakeAllThreads (Deoptimize) done

Memory protections (0 events):
No events

Nmethod flushes (0 events):
No events

Events (12 events):
Event: 0.058 Thread 0x00000229535d2540 Thread added: 0x00000229535d2540
Event: 0.114 Thread 0x00000229535d2540 Thread added: 0x000002296a040230
Event: 0.114 Thread 0x00000229535d2540 Thread added: 0x000002296a0419f0
Event: 0.115 Thread 0x00000229535d2540 Thread added: 0x000002296a0474a0
Event: 0.115 Thread 0x00000229535d2540 Thread added: 0x000002296a0480f0
Event: 0.115 Thread 0x00000229535d2540 Thread added: 0x000002296a0494e0
Event: 0.115 Thread 0x00000229535d2540 Thread added: 0x000002296a04fce0
Event: 0.115 Thread 0x00000229535d2540 Thread added: 0x000002296a054a70
Event: 0.115 Thread 0x00000229535d2540 Thread added: 0x000002296a057510
Event: 0.232 Thread 0x000002296a057510 Thread added: 0x000002296bb27020
Event: 0.257 Thread 0x00000229535d2540 Thread added: 0x000002296bb0e5c0
Event: 0.626 Thread 0x00000229535d2540 Thread added: 0x000002296bb10000


Dynamic libraries:
0x00007ff6bd070000 - 0x00007ff6bd07e000 	c:\Users\Kasidit\.vscode\extensions\redhat.java-1.52.0-win32-x64\jre\21.0.9-win32-x86_64\bin\java.exe
0x00007ffd19630000 - 0x00007ffd19828000 	C:\WINDOWS\SYSTEM32\ntdll.dll
0x00007ffd18880000 - 0x00007ffd18942000 	C:\WINDOWS\System32\KERNEL32.DLL
0x00007ffd16e10000 - 0x00007ffd17106000 	C:\WINDOWS\System32\KERNELBASE.dll
0x00007ffd17330000 - 0x00007ffd17430000 	C:\WINDOWS\System32\ucrtbase.dll
0x00007ffd13b40000 - 0x00007ffd13b58000 	c:\Users\Kasidit\.vscode\extensions\redhat.java-1.52.0-win32-x64\jre\21.0.9-win32-x86_64\bin\jli.dll
0x00007ffd18000000 - 0x00007ffd181a1000 	C:\WINDOWS\System32\USER32.dll
0x00007ffd16d40000 - 0x00007ffd16d62000 	C:\WINDOWS\System32\win32u.dll
0x00007ffd17d70000 - 0x00007ffd17d9b000 	C:\WINDOWS\System32\GDI32.dll
0x00007ffd17110000 - 0x00007ffd17229000 	C:\WINDOWS\System32\gdi32full.dll
0x00007ffd16d70000 - 0x00007ffd16e0d000 	C:\WINDOWS\System32\msvcp_win.dll
0x00007ffd11160000 - 0x00007ffd1117e000 	c:\Users\Kasidit\.vscode\extensions\redhat.java-1.52.0-win32-x64\jre\21.0.9-win32-x86_64\bin\VCRUNTIME140.dll
0x00007ffd02820000 - 0x00007ffd02abb000 	C:\WINDOWS\WinSxS\amd64_microsoft.windows.common-controls_6595b64144ccf1df_6.0.19041.6456_none_60b8a6cb71f64256\COMCTL32.dll
0x00007ffd17c10000 - 0x00007ffd17cae000 	C:\WINDOWS\System32\msvcrt.dll
0x00007ffd17b10000 - 0x00007ffd17b3f000 	C:\WINDOWS\System32\IMM32.DLL
0x00007ffd127a0000 - 0x00007ffd127ac000 	c:\Users\Kasidit\.vscode\extensions\redhat.java-1.52.0-win32-x64\jre\21.0.9-win32-x86_64\bin\vcruntime140_1.dll
0x00007ffcdd4e0000 - 0x00007ffcdd56d000 	c:\Users\Kasidit\.vscode\extensions\redhat.java-1.52.0-win32-x64\jre\21.0.9-win32-x86_64\bin\msvcp140.dll
0x00007ffccfbb0000 - 0x00007ffcd0950000 	c:\Users\Kasidit\.vscode\extensions\redhat.java-1.52.0-win32-x64\jre\21.0.9-win32-x86_64\bin\server\jvm.dll
0x00007ffd181b0000 - 0x00007ffd18261000 	C:\WINDOWS\System32\ADVAPI32.dll
0x00007ffd18470000 - 0x00007ffd1850f000 	C:\WINDOWS\System32\sechost.dll
0x00007ffd179f0000 - 0x00007ffd17b10000 	C:\WINDOWS\System32\RPCRT4.dll
0x00007ffd16d10000 - 0x00007ffd16d37000 	C:\WINDOWS\System32\bcrypt.dll
0x00007ffd18630000 - 0x00007ffd1869b000 	C:\WINDOWS\System32\WS2_32.dll
0x00007ffd166a0000 - 0x00007ffd166eb000 	C:\WINDOWS\SYSTEM32\POWRPROF.dll
0x00007ffcfca40000 - 0x00007ffcfca67000 	C:\WINDOWS\SYSTEM32\WINMM.dll
0x00007ffd11130000 - 0x00007ffd1113a000 	C:\WINDOWS\SYSTEM32\VERSION.dll
0x00007ffd16680000 - 0x00007ffd16692000 	C:\WINDOWS\SYSTEM32\UMPDC.dll
0x00007ffd14b00000 - 0x00007ffd14b12000 	C:\WINDOWS\SYSTEM32\kernel.appcore.dll
0x00007ffd10fb0000 - 0x00007ffd10fba000 	c:\Users\Kasidit\.vscode\extensions\redhat.java-1.52.0-win32-x64\jre\21.0.9-win32-x86_64\bin\jimage.dll
0x00007ffd02ef0000 - 0x00007ffd030f1000 	C:\WINDOWS\SYSTEM32\DBGHELP.DLL
0x00007ffcfeba0000 - 0x00007ffcfebd4000 	C:\WINDOWS\SYSTEM32\dbgcore.DLL
0x00007ffd17430000 - 0x00007ffd174b2000 	C:\WINDOWS\System32\bcryptPrimitives.dll
0x00007ffd10e90000 - 0x00007ffd10e9f000 	c:\Users\Kasidit\.vscode\extensions\redhat.java-1.52.0-win32-x64\jre\21.0.9-win32-x86_64\bin\instrument.dll
0x00007ffd0e840000 - 0x00007ffd0e860000 	c:\Users\Kasidit\.vscode\extensions\redhat.java-1.52.0-win32-x64\jre\21.0.9-win32-x86_64\bin\java.dll
0x00007ffd18e40000 - 0x00007ffd195b0000 	C:\WINDOWS\System32\SHELL32.dll
0x00007ffd14d00000 - 0x00007ffd154a5000 	C:\WINDOWS\SYSTEM32\windows.storage.dll
0x00007ffd17690000 - 0x00007ffd179e4000 	C:\WINDOWS\System32\combase.dll
0x00007ffd16650000 - 0x00007ffd1667b000 	C:\WINDOWS\SYSTEM32\Wldp.dll
0x00007ffd17b40000 - 0x00007ffd17c0d000 	C:\WINDOWS\System32\OLEAUT32.dll
0x00007ffd17da0000 - 0x00007ffd17e4d000 	C:\WINDOWS\System32\SHCORE.dll
0x00007ffd17d10000 - 0x00007ffd17d6b000 	C:\WINDOWS\System32\shlwapi.dll
0x00007ffd16bc0000 - 0x00007ffd16be4000 	C:\WINDOWS\SYSTEM32\profapi.dll
0x00007ffd0c820000 - 0x00007ffd0c838000 	c:\Users\Kasidit\.vscode\extensions\redhat.java-1.52.0-win32-x64\jre\21.0.9-win32-x86_64\bin\zip.dll
0x00007ffd10c00000 - 0x00007ffd10c10000 	C:\Users\Kasidit\.vscode\extensions\redhat.java-1.52.0-win32-x64\jre\21.0.9-win32-x86_64\bin\net.dll
0x00007ffd10ac0000 - 0x00007ffd10bca000 	C:\WINDOWS\SYSTEM32\WINHTTP.dll
0x00007ffd16340000 - 0x00007ffd163aa000 	C:\WINDOWS\system32\mswsock.dll
0x00007ffd09920000 - 0x00007ffd09936000 	C:\Users\Kasidit\.vscode\extensions\redhat.java-1.52.0-win32-x64\jre\21.0.9-win32-x86_64\bin\nio.dll
0x00007ffd13b80000 - 0x00007ffd13b90000 	c:\Users\Kasidit\.vscode\extensions\redhat.java-1.52.0-win32-x64\jre\21.0.9-win32-x86_64\bin\verify.dll

JVMTI agents:
c:\Users\Kasidit\.vscode\extensions\redhat.java-1.52.0-win32-x64\lombok\lombok-1.18.39-4050.jar path:c:\Users\Kasidit\.vscode\extensions\redhat.java-1.52.0-win32-x64\jre\21.0.9-win32-x86_64\bin\instrument.dll, loaded, initialized, instrumentlib options:none

dbghelp: loaded successfully - version: 4.0.5 - missing functions: none
symbol engine: initialized successfully - sym options: 0x614 - pdb path: .;c:\Users\Kasidit\.vscode\extensions\redhat.java-1.52.0-win32-x64\jre\21.0.9-win32-x86_64\bin;C:\WINDOWS\SYSTEM32;C:\WINDOWS\WinSxS\amd64_microsoft.windows.common-controls_6595b64144ccf1df_6.0.19041.6456_none_60b8a6cb71f64256;c:\Users\Kasidit\.vscode\extensions\redhat.java-1.52.0-win32-x64\jre\21.0.9-win32-x86_64\bin\server

VM Arguments:
jvm_args: --add-modules=ALL-SYSTEM --add-opens=java.base/java.util=ALL-UNNAMED --add-opens=java.base/java.lang=ALL-UNNAMED --add-opens=java.base/sun.nio.fs=ALL-UNNAMED -Declipse.application=org.eclipse.jdt.ls.core.id1 -Dosgi.bundles.defaultStartLevel=4 -Declipse.product=org.eclipse.jdt.ls.core.product -Djava.import.generatesMetadataFilesAtProjectRoot=false -DDetectVMInstallationsJob.disabled=true -Dfile.encoding=utf8 -XX:+UseParallelGC -XX:GCTimeRatio=4 -XX:AdaptiveSizePolicyWeight=90 -Dsun.zip.disableMemoryMapping=true -Xmx2G -Xms100m -Xlog:disable -javaagent:c:\Users\Kasidit\.vscode\extensions\redhat.java-1.52.0-win32-x64\lombok\lombok-1.18.39-4050.jar -XX:+HeapDumpOnOutOfMemoryError -XX:HeapDumpPath=c:\Users\Kasidit\AppData\Roaming\Code\User\workspaceStorage\3c56febec22229e058cf2d660a35162d\redhat.java -Daether.dependencyCollector.impl=bf 
java_command: c:\Users\Kasidit\.vscode\extensions\redhat.java-1.52.0-win32-x64\server\plugins\org.eclipse.equinox.launcher_1.7.100.v20251111-0406.jar -configuration c:\Users\Kasidit\AppData\Roaming\Code\User\globalStorage\redhat.java\1.52.0\config_win -data c:\Users\Kasidit\AppData\Roaming\Code\User\workspaceStorage\3c56febec22229e058cf2d660a35162d\redhat.java\jdt_ws --pipe=\\.\pipe\lsp-73bef50fb83241be2fdc7ae81714a142-sock
java_class_path (initial): c:\Users\Kasidit\.vscode\extensions\redhat.java-1.52.0-win32-x64\server\plugins\org.eclipse.equinox.launcher_1.7.100.v20251111-0406.jar
Launcher Type: SUN_STANDARD

[Global flags]
    uintx AdaptiveSizePolicyWeight                 = 90                                        {product} {command line}
     intx CICompilerCount                          = 4                                         {product} {ergonomic}
    uintx GCTimeRatio                              = 4                                         {product} {command line}
     bool HeapDumpOnOutOfMemoryError               = true                                   {manageable} {command line}
    ccstr HeapDumpPath                             = c:\Users\Kasidit\AppData\Roaming\Code\User\workspaceStorage\3c56febec22229e058cf2d660a35162d\redhat.java         {manageable} {command line}
   size_t InitialHeapSize                          = 104857600                                 {product} {command line}
   size_t MaxHeapSize                              = 2147483648                                {product} {command line}
   size_t MaxNewSize                               = 715653120                                 {product} {ergonomic}
   size_t MinHeapDeltaBytes                        = 524288                                    {product} {ergonomic}
   size_t MinHeapSize                              = 104857600                                 {product} {command line}
   size_t NewSize                                  = 34603008                                  {product} {ergonomic}
    uintx NonNMethodCodeHeapSize                   = 5839372                                {pd product} {ergonomic}
    uintx NonProfiledCodeHeapSize                  = 122909434                              {pd product} {ergonomic}
   size_t OldSize                                  = 70254592                                  {product} {ergonomic}
    uintx ProfiledCodeHeapSize                     = 122909434                              {pd product} {ergonomic}
    uintx ReservedCodeCacheSize                    = 251658240                              {pd product} {ergonomic}
     bool SegmentedCodeCache                       = true                                      {product} {ergonomic}
   size_t SoftMaxHeapSize                          = 2147483648                             {manageable} {ergonomic}
     bool UseCompressedOops                        = true                           {product lp64_product} {ergonomic}
     bool UseLargePagesIndividualAllocation        = false                                  {pd product} {ergonomic}
     bool UseParallelGC                            = true                                      {product} {command line}

Logging:
Log output configuration:
 #0: stdout all=off uptime,level,tags foldmultilines=false
 #1: stderr all=off uptime,level,tags foldmultilines=false

Release file:
JAVA_VERSION="21.0.9" 
MODULES="java.base java.compiler java.datatransfer java.xml java.prefs java.desktop java.instrument java.logging java.management java.security.sasl java.naming java.rmi java.management.rmi java.net.http java.scripting java.security.jgss java.transaction.xa java.sql java.sql.rowset java.xml.crypto java.se java.smartcardio jdk.accessibility jdk.internal.jvmstat jdk.attach jdk.charsets jdk.internal.opt jdk.zipfs jdk.compiler jdk.crypto.ec jdk.crypto.cryptoki jdk.crypto.mscapi jdk.dynalink jdk.internal.ed jdk.editpad jdk.hotspot.agent jdk.httpserver jdk.internal.le jdk.internal.vm.ci jdk.internal.vm.compiler jdk.internal.vm.compiler.management jdk.jartool jdk.javadoc jdk.jcmd jdk.management jdk.management.agent jdk.jconsole jdk.jdeps jdk.jdwp.agent jdk.jdi jdk.jfr jdk.jshell jdk.jsobject jdk.jstatd jdk.localedata jdk.management.jfr jdk.naming.dns jdk.naming.rmi jdk.net jdk.nio.mapmode jdk.random jdk.sctp jdk.security.auth jdk.security.jgss jdk.unsupported jdk.unsupported.desktop jdk.xml.dom" 

Environment Variables:
JAVA_HOME=C:\Program Files\Java\jdk-17.0.11
PATH=C:\Program Files (x86)\VMware\VMware Workstation\bin\;C:\Program Files\Java\jdk-17.0.11\bin;C:\Python313\Scripts\;C:\Python313\;C:\Program Files (x86)\Common Files\Oracle\Java\java8path;C:\Program Files (x86)\Common Files\Oracle\Java\javapath;C:\ProgramData\Oracle\Java\javapath;C:\WINDOWS\system32;C:\WINDOWS;C:\WINDOWS\System32\Wbem;C:\WINDOWS\System32\WindowsPowerShell\v1.0\;C:\Program Files\Intel\WiFi\bin\;C:\Program Files\Common Files\Intel\WirelessCommon\;C:\WINDOWS\System32\OpenSSH\;C:\apache-maven-3.9.9\bin;C:\Program Files\nodejs\;C:\ProgramData\chocolatey\bin;C:\Program Files\Git\cmd;C:\Program Files\PowerShell\7\;C:\Program Files\Microsoft SQL Server\170\Tools\Binn\;C:\Program Files\Microsoft SQL Server\Client SDK\ODBC\170\Tools\Binn\;C:\Program Files\dotnet\;C:\Users\Kasidit\AppData\Local\Microsoft\WindowsApps;C:\Users\Kasidit\AppData\Local\Programs\Microsoft VS Code\bin;C:\Users\Kasidit\AppData\Roaming\npm;C:\Users\Kasidit\.dotnet\tools
USERNAME=Kasidit
OS=Windows_NT
PROCESSOR_IDENTIFIER=Intel64 Family 6 Model 142 Stepping 11, GenuineIntel
TMP=C:\Users\Kasidit\AppData\Local\Temp
TEMP=C:\Users\Kasidit\AppData\Local\Temp




Periodic native trim disabled

---------------  S Y S T E M  ---------------

OS:
 Windows 10 , 64 bit Build 19041 (10.0.19041.5915)
OS uptime: 1 days 3:17 hours

CPU: total 8 (initial active 8) (4 cores per cpu, 2 threads per core) family 6 model 142 stepping 11 microcode 0xb8, cx8, cmov, fxsr, ht, mmx, 3dnowpref, sse, sse2, sse3, ssse3, sse4.1, sse4.2, popcnt, lzcnt, tsc, tscinvbit, avx, avx2, aes, erms, clmul, bmi1, bmi2, adx, fma, vzeroupper, clflush, clflushopt, rdtscp, f16c
Processor Information for the first 8 processors :
  Max Mhz: 1800, Current Mhz: 1600, Mhz Limit: 1584

Memory: 4k page, system-wide physical 16017M (464M free)
TotalPageFile size 21219M (AvailPageFile size 83M)
current process WorkingSet (physical memory assigned to process): 53M, peak: 54M
current process commit charge ("private bytes"): 228M, peak: 228M

vm_info: OpenJDK 64-Bit Server VM (21.0.9+10-LTS) for windows-amd64 JRE (21.0.9+10-LTS), built on 2025-10-21T00:00:00Z by "admin" with unknown MS VC++:1942

END.
