#
# There is insufficient memory for the Java Runtime Environment to continue.
# Native memory allocation (mmap) failed to map 65536 bytes. Error detail: Failed to commit metaspace.
# Possible reasons:
#   The system is out of physical RAM or swap space
#   This process is running with CompressedOops enabled, and the Java Heap may be blocking the growth of the native heap
# Possible solutions:
#   Reduce memory load on the system
#   Increase physical memory or swap space
#   Check if swap backing store is full
#   Decrease Java heap size (-Xmx/-Xms)
#   Decrease number of Java threads
#   Decrease Java thread stack sizes (-Xss)
#   Set larger code cache with -XX:ReservedCodeCacheSize=
#   JVM is running with Unscaled Compressed Oops mode in which the Java heap is
#     placed in the first 4GB address space. The Java Heap base address is the
#     maximum limit for the native heap growth. Please use -XX:HeapBaseMinAddress
#     to set the Java Heap base and to place the Java Heap above 4GB virtual address.
# This output file may be truncated or incomplete.
#
#  Out of Memory Error (virtualSpaceNode.cpp:113), pid=16248, tid=21296
#
# JRE version: OpenJDK Runtime Environment Temurin-21.0.9+10 (21.0.9+10) (build 21.0.9+10-LTS)
# Java VM: OpenJDK 64-Bit Server VM Temurin-21.0.9+10 (21.0.9+10-LTS, mixed mode, sharing, tiered, compressed oops, compressed class ptrs, parallel gc, windows-amd64)
# No core dump will be written. Minidumps are not enabled by default on client versions of Windows
#

---------------  S U M M A R Y ------------

Command Line: --add-modules=ALL-SYSTEM --add-opens=java.base/java.util=ALL-UNNAMED --add-opens=java.base/java.lang=ALL-UNNAMED --add-opens=java.base/sun.nio.fs=ALL-UNNAMED -Declipse.application=org.eclipse.jdt.ls.core.id1 -Dosgi.bundles.defaultStartLevel=4 -Declipse.product=org.eclipse.jdt.ls.core.product -Djava.import.generatesMetadataFilesAtProjectRoot=false -DDetectVMInstallationsJob.disabled=true -Dfile.encoding=utf8 -XX:+UseParallelGC -XX:GCTimeRatio=4 -XX:AdaptiveSizePolicyWeight=90 -Dsun.zip.disableMemoryMapping=true -Xmx2G -Xms100m -Xlog:disable -javaagent:c:\Users\Kasidit\.vscode\extensions\redhat.java-1.52.0-win32-x64\lombok\lombok-1.18.39-4050.jar -XX:+HeapDumpOnOutOfMemoryError -XX:HeapDumpPath=c:\Users\Kasidit\AppData\Roaming\Code\User\workspaceStorage\3c56febec22229e058cf2d660a35162d\redhat.java -Daether.dependencyCollector.impl=bf c:\Users\Kasidit\.vscode\extensions\redhat.java-1.52.0-win32-x64\server\plugins\org.eclipse.equinox.launcher_1.7.100.v20251111-0406.jar -configuration c:\Users\Kasidit\AppData\Roaming\Code\User\globalStorage\redhat.java\1.52.0\config_win -data c:\Users\Kasidit\AppData\Roaming\Code\User\workspaceStorage\3c56febec22229e058cf2d660a35162d\redhat.java\jdt_ws --pipe=\\.\pipe\lsp-eed4ff579de790965a1feaeac3470266-sock

Host: Intel(R) Core(TM) i5-8265U CPU @ 1.60GHz, 8 cores, 15G,  Windows 10 , 64 bit Build 19041 (10.0.19041.5915)
Time: Wed Feb 11 15:18:02 2026 SE Asia Standard Time elapsed time: 8.064791 seconds (0d 0h 0m 8s)

---------------  T H R E A D  ---------------

Current thread (0x000002019e9d64f0):  JavaThread "C1 CompilerThread0" daemon [_thread_in_vm, id=21296, stack(0x000000b278d00000,0x000000b278e00000) (1024K)]


Current CompileTask:
C1:8064 4784       2       org.objectweb.asm.ClassReader::accept (1419 bytes)

Stack: [0x000000b278d00000,0x000000b278e00000]
Native frames: (J=compiled Java code, j=interpreted, Vv=VM code, C=native code)
V  [jvm.dll+0x6d6e29]
V  [jvm.dll+0x8b4b76]
V  [jvm.dll+0x8b712e]
V  [jvm.dll+0x8b7813]
V  [jvm.dll+0x283d86]
V  [jvm.dll+0x8b08be]
V  [jvm.dll+0x678824]
V  [jvm.dll+0x1e80ab]
V  [jvm.dll+0x1e7e6e]
V  [jvm.dll+0x67b122]
V  [jvm.dll+0x67af52]
V  [jvm.dll+0x6791fe]
V  [jvm.dll+0x68a6ca]
V  [jvm.dll+0x683842]
V  [jvm.dll+0x1f6150]
V  [jvm.dll+0x1f6338]
V  [jvm.dll+0x169161]
V  [jvm.dll+0x168fa6]
V  [jvm.dll+0x160b70]
V  [jvm.dll+0x162e0d]
V  [jvm.dll+0x161416]
V  [jvm.dll+0x15b257]
V  [jvm.dll+0x16abd8]
V  [jvm.dll+0x156845]
V  [jvm.dll+0x156b92]
V  [jvm.dll+0x156e44]
V  [jvm.dll+0x15625c]
V  [jvm.dll+0x157fed]
V  [jvm.dll+0x25b29d]
V  [jvm.dll+0x25982a]
V  [jvm.dll+0x3f7ea6]
V  [jvm.dll+0x85e9ad]
V  [jvm.dll+0x6d565d]
C  [ucrtbase.dll+0x21bb2]
C  [KERNEL32.DLL+0x17374]
C  [ntdll.dll+0x4cc91]


---------------  P R O C E S S  ---------------

Threads class SMR info:
_java_thread_list=0x00000201e6db9c10, length=35, elements={
0x0000020187f32700, 0x000002019e99fe30, 0x000002019e9a11d0, 0x000002019e9a4820,
0x000002019e9a56f0, 0x000002019e9a7f60, 0x000002019e9aa5d0, 0x000002019e9ab010,
0x000002019e9d64f0, 0x00000201e1545fc0, 0x00000201e16150a0, 0x00000201e1c6e230,
0x00000201e1ad7590, 0x00000201e1c571a0, 0x00000201e1c57bd0, 0x00000201e635d6a0,
0x00000201e6611f70, 0x00000201e1f1e240, 0x00000201e1f1e8d0, 0x00000201e1f1ef60,
0x00000201e1f1dbb0, 0x00000201e1f1f5f0, 0x00000201e1f1fc80, 0x00000201e1f1c800,
0x00000201e1f1ce90, 0x00000201e1f1d520, 0x00000201e1c6aa90, 0x00000201e1c6a400,
0x00000201e1c6b120, 0x00000201e1c696e0, 0x00000201e1c67ca0, 0x00000201e1c689c0,
0x00000201e1c68330, 0x00000201e1c69050, 0x00000201e1c69d70
}

Java Threads: ( => current thread )
  0x0000020187f32700 JavaThread "main"                              [_thread_in_vm, id=27696, stack(0x000000b278200000,0x000000b278300000) (1024K)]
  0x000002019e99fe30 JavaThread "Reference Handler"          daemon [_thread_blocked, id=27896, stack(0x000000b278600000,0x000000b278700000) (1024K)]
  0x000002019e9a11d0 JavaThread "Finalizer"                  daemon [_thread_blocked, id=14004, stack(0x000000b278700000,0x000000b278800000) (1024K)]
  0x000002019e9a4820 JavaThread "Signal Dispatcher"          daemon [_thread_blocked, id=16056, stack(0x000000b278800000,0x000000b278900000) (1024K)]
  0x000002019e9a56f0 JavaThread "Attach Listener"            daemon [_thread_blocked, id=19808, stack(0x000000b278900000,0x000000b278a00000) (1024K)]
  0x000002019e9a7f60 JavaThread "Service Thread"             daemon [_thread_blocked, id=13772, stack(0x000000b278a00000,0x000000b278b00000) (1024K)]
  0x000002019e9aa5d0 JavaThread "Monitor Deflation Thread"   daemon [_thread_blocked, id=18596, stack(0x000000b278b00000,0x000000b278c00000) (1024K)]
  0x000002019e9ab010 JavaThread "C2 CompilerThread0"         daemon [_thread_in_native, id=20140, stack(0x000000b278c00000,0x000000b278d00000) (1024K)]
=>0x000002019e9d64f0 JavaThread "C1 CompilerThread0"         daemon [_thread_in_vm, id=21296, stack(0x000000b278d00000,0x000000b278e00000) (1024K)]
  0x00000201e1545fc0 JavaThread "Common-Cleaner"             daemon [_thread_blocked, id=12216, stack(0x000000b278e00000,0x000000b278f00000) (1024K)]
  0x00000201e16150a0 JavaThread "Notification Thread"        daemon [_thread_blocked, id=26916, stack(0x000000b279000000,0x000000b279100000) (1024K)]
  0x00000201e1c6e230 JavaThread "Active Thread: Equinox Container: 70b7ff95-edc6-40bf-8a10-428dcf2fff4e"        [_thread_blocked, id=17608, stack(0x000000b278f00000,0x000000b279000000) (1024K)]
  0x00000201e1ad7590 JavaThread "Refresh Thread: Equinox Container: 70b7ff95-edc6-40bf-8a10-428dcf2fff4e" daemon [_thread_blocked, id=18724, stack(0x000000b279800000,0x000000b279900000) (1024K)]
  0x00000201e1c571a0 JavaThread "Framework Event Dispatcher: Equinox Container: 70b7ff95-edc6-40bf-8a10-428dcf2fff4e" daemon [_thread_blocked, id=15540, stack(0x000000b279900000,0x000000b279a00000) (1024K)]
  0x00000201e1c57bd0 JavaThread "Start Level: Equinox Container: 70b7ff95-edc6-40bf-8a10-428dcf2fff4e" daemon [_thread_blocked, id=11876, stack(0x000000b279a00000,0x000000b279b00000) (1024K)]
  0x00000201e635d6a0 JavaThread "Bundle File Closer"         daemon [_thread_blocked, id=4776, stack(0x000000b279c00000,0x000000b279d00000) (1024K)]
  0x00000201e6611f70 JavaThread "SCR Component Actor"        daemon [_thread_blocked, id=23976, stack(0x000000b279d00000,0x000000b279e00000) (1024K)]
  0x00000201e1f1e240 JavaThread "Worker-JM"                         [_thread_blocked, id=17876, stack(0x000000b279e00000,0x000000b279f00000) (1024K)]
  0x00000201e1f1e8d0 JavaThread "JNA Cleaner"                daemon [_thread_blocked, id=11696, stack(0x000000b279f00000,0x000000b27a000000) (1024K)]
  0x00000201e1f1ef60 JavaThread "Worker-0"                          [_thread_blocked, id=25700, stack(0x000000b27a000000,0x000000b27a100000) (1024K)]
  0x00000201e1f1dbb0 JavaThread "Worker-1: Repository registry initialization"        [_thread_in_vm, id=22516, stack(0x000000b27a100000,0x000000b27a200000) (1024K)]
  0x00000201e1f1f5f0 JavaThread "Java indexing"              daemon [_thread_blocked, id=24332, stack(0x000000b279b00000,0x000000b279c00000) (1024K)]
  0x00000201e1f1fc80 JavaThread "Worker-2: Initialize After Load"        [_thread_in_vm, id=13996, stack(0x000000b27a200000,0x000000b27a300000) (1024K)]
  0x00000201e1f1c800 JavaThread "Worker-3"                          [_thread_blocked, id=12528, stack(0x000000b27a500000,0x000000b27a600000) (1024K)]
  0x00000201e1f1ce90 JavaThread "Worker-4"                          [_thread_blocked, id=7080, stack(0x000000b27a600000,0x000000b27a700000) (1024K)]
  0x00000201e1f1d520 JavaThread "Thread-1"                   daemon [_thread_in_native, id=18664, stack(0x000000b27a700000,0x000000b27a800000) (1024K)]
  0x00000201e1c6aa90 JavaThread "Thread-2"                   daemon [_thread_in_native, id=4060, stack(0x000000b27a800000,0x000000b27a900000) (1024K)]
  0x00000201e1c6a400 JavaThread "Thread-3"                   daemon [_thread_in_native, id=11680, stack(0x000000b27a900000,0x000000b27aa00000) (1024K)]
  0x00000201e1c6b120 JavaThread "Thread-4"                   daemon [_thread_in_native, id=23668, stack(0x000000b27aa00000,0x000000b27ab00000) (1024K)]
  0x00000201e1c696e0 JavaThread "Thread-5"                   daemon [_thread_in_native, id=7516, stack(0x000000b27ab00000,0x000000b27ac00000) (1024K)]
  0x00000201e1c67ca0 JavaThread "Thread-6"                   daemon [_thread_in_native, id=11852, stack(0x000000b27ac00000,0x000000b27ad00000) (1024K)]
  0x00000201e1c689c0 JavaThread "Thread-7"                   daemon [_thread_in_native, id=14948, stack(0x000000b27ad00000,0x000000b27ae00000) (1024K)]
  0x00000201e1c68330 JavaThread "Thread-8"                   daemon [_thread_in_native, id=1264, stack(0x000000b27ae00000,0x000000b27af00000) (1024K)]
  0x00000201e1c69050 JavaThread "Thread-9"                   daemon [_thread_in_native, id=21836, stack(0x000000b27af00000,0x000000b27b000000) (1024K)]
  0x00000201e1c69d70 JavaThread "pool-2-thread-1"                   [_thread_blocked, id=27888, stack(0x000000b27b000000,0x000000b27b100000) (1024K)]
Total: 35

Other Threads:
  0x0000020187fef9e0 VMThread "VM Thread"                           [id=1072, stack(0x000000b278500000,0x000000b278600000) (1024K)]
  0x0000020187f9c9b0 WatcherThread "VM Periodic Task Thread"        [id=13344, stack(0x000000b278400000,0x000000b278500000) (1024K)]
  0x0000020187f4f0e0 WorkerThread "GC Thread#0"                     [id=17832, stack(0x000000b278300000,0x000000b278400000) (1024K)]
  0x00000201e1d243a0 WorkerThread "GC Thread#1"                     [id=26128, stack(0x000000b279100000,0x000000b279200000) (1024K)]
  0x00000201e1a9bc80 WorkerThread "GC Thread#2"                     [id=4828, stack(0x000000b279200000,0x000000b279300000) (1024K)]
  0x00000201e1ca10a0 WorkerThread "GC Thread#3"                     [id=12604, stack(0x000000b279300000,0x000000b279400000) (1024K)]
  0x00000201e1d24740 WorkerThread "GC Thread#4"                     [id=6508, stack(0x000000b279400000,0x000000b279500000) (1024K)]
  0x00000201e1d24ae0 WorkerThread "GC Thread#5"                     [id=5392, stack(0x000000b279500000,0x000000b279600000) (1024K)]
  0x00000201e1d24e80 WorkerThread "GC Thread#6"                     [id=12624, stack(0x000000b279600000,0x000000b279700000) (1024K)]
  0x00000201e1b89d80 WorkerThread "GC Thread#7"                     [id=16544, stack(0x000000b279700000,0x000000b279800000) (1024K)]
Total: 10

Threads with active compile tasks:
C2 CompilerThread0  8163 4035       4       org.lombokweb.asm.Type::getArgumentsAndReturnSizes (140 bytes)
C1 CompilerThread0  8163 4784       2       org.objectweb.asm.ClassReader::accept (1419 bytes)
Total: 2

VM state: not at safepoint (normal execution)

VM Mutex/Monitor currently owned by a thread:  ([mutex/lock_event])
[0x00007ffcd086b4f0] Metaspace_lock - owner thread: 0x000002019e9d64f0

Heap address: 0x0000000080000000, size: 2048 MB, Compressed Oops mode: 32-bit

CDS archive(s) mapped at: [0x000002019f000000-0x000002019fba0000-0x000002019fba0000), size 12189696, SharedBaseAddress: 0x000002019f000000, ArchiveRelocationMode: 1.
Compressed class space mapped at: 0x00000201a0000000-0x00000201e0000000, reserved size: 1073741824
Narrow klass base: 0x000002019f000000, Narrow klass shift: 0, Narrow klass range: 0x100000000

GC Precious Log:
 CardTable entry size: 512
 CPUs: 8 total, 8 available
 Memory: 16017M
 Large Page Support: Disabled
 NUMA Support: Disabled
 Compressed Oops: Enabled (32-bit)
 Alignments: Space 512K, Generation 512K, Heap 2M
 Heap Min Capacity: 100M
 Heap Initial Capacity: 100M
 Heap Max Capacity: 2G
 Pre-touch: Disabled
 Parallel Workers: 8

Heap:
 PSYoungGen      total 22528K, used 20304K [0x00000000d5580000, 0x00000000d6f80000, 0x0000000100000000)
  eden space 22016K, 92% used [0x00000000d5580000,0x00000000d6954140,0x00000000d6b00000)
  from space 512K, 0% used [0x00000000d6f00000,0x00000000d6f00000,0x00000000d6f80000)
  to   space 1024K, 0% used [0x00000000d6d80000,0x00000000d6d80000,0x00000000d6e80000)
 ParOldGen       total 68608K, used 18723K [0x0000000080000000, 0x0000000084300000, 0x00000000d5580000)
  object space 68608K, 27% used [0x0000000080000000,0x0000000081248cf8,0x0000000084300000)
 Metaspace       used 36751K, committed 37824K, reserved 1114112K
  class space    used 3895K, committed 4352K, reserved 1048576K

Card table byte_map: [0x0000020187910000,0x0000020187d20000] _byte_map_base: 0x0000020187510000

Marking Bits: (ParMarkBitMap*) 0x00007ffcd0872460
 Begin Bits: [0x000002019a3f0000, 0x000002019c3f0000)
 End Bits:   [0x000002019c3f0000, 0x000002019e3f0000)

Polling page: 0x0000020187700000

Metaspace:

Usage:
  Non-class:     32.09 MB used.
      Class:      3.80 MB used.
       Both:     35.89 MB used.

Virtual space:
  Non-class space:       64.00 MB reserved,      32.69 MB ( 51%) committed,  1 nodes.
      Class space:        1.00 GB reserved,       4.25 MB ( <1%) committed,  1 nodes.
             Both:        1.06 GB reserved,      36.94 MB (  3%) committed. 

Chunk freelists:
   Non-Class:  14.98 MB
       Class:  11.70 MB
        Both:  26.69 MB

MaxMetaspaceSize: unlimited
CompressedClassSpaceSize: 1.00 GB
Initial GC threshold: 21.00 MB
Current GC threshold: 58.88 MB
CDS: on
 - commit_granule_bytes: 65536.
 - commit_granule_words: 8192.
 - virtual_space_node_default_size: 8388608.
 - enlarge_chunks_in_place: 1.
 - use_allocation_guard: 0.


Internal statistics:

num_allocs_failed_limit: 10.
num_arena_births: 876.
num_arena_deaths: 14.
num_vsnodes_births: 2.
num_vsnodes_deaths: 0.
num_space_committed: 591.
num_space_uncommitted: 0.
num_chunks_returned_to_freelist: 24.
num_chunks_taken_from_freelist: 2504.
num_chunk_merges: 13.
num_chunk_splits: 1558.
num_chunks_enlarged: 884.
num_inconsistent_stats: 0.

CodeHeap 'non-profiled nmethods': size=120000Kb used=1549Kb max_used=1909Kb free=118450Kb
 bounds [0x0000020192c10000, 0x0000020192e80000, 0x000002019a140000]
CodeHeap 'profiled nmethods': size=120000Kb used=8389Kb max_used=9657Kb free=111610Kb
 bounds [0x000002018b140000, 0x000002018bab0000, 0x0000020192670000]
CodeHeap 'non-nmethods': size=5760Kb used=1355Kb max_used=1403Kb free=4404Kb
 bounds [0x0000020192670000, 0x00000201928e0000, 0x0000020192c10000]
CodeCache: size=245760Kb, used=11293Kb, max_used=12969Kb, free=234464Kb
 total_blobs=4811, nmethods=4159, adapters=558, full_count=0
Compilation: enabled, stopped_count=0, restarted_count=0

Compilation events (20 events):
Event: 8.042 Thread 0x000002019e9d64f0 nmethod 4773 0x000002018b1f2c10 code [0x000002018b1f2ea0, 0x000002018b1f3458]
Event: 8.045 Thread 0x000002019e9d64f0 4775       2       com.google.inject.spi.Elements$RecordingBinder::bind (23 bytes)
Event: 8.046 Thread 0x000002019e9d64f0 nmethod 4775 0x000002018b40a410 code [0x000002018b40a600, 0x000002018b40a990]
Event: 8.046 Thread 0x000002019e9d64f0 4776       2       com.google.inject.internal.MoreTypes::canonicalizeKey (20 bytes)
Event: 8.048 Thread 0x000002019e9d64f0 nmethod 4776 0x000002018b871910 code [0x000002018b871ae0, 0x000002018b871d70]
Event: 8.048 Thread 0x000002019e9d64f0 4777       2       com.google.inject.internal.BindingBuilder::<init> (10 bytes)
Event: 8.048 Thread 0x000002019e9d64f0 nmethod 4777 0x000002018b37b110 code [0x000002018b37b2c0, 0x000002018b37b3e0]
Event: 8.048 Thread 0x000002019e9d64f0 4778       2       com.google.inject.internal.AbstractBindingBuilder::<init> (56 bytes)
Event: 8.049 Thread 0x000002019e9d64f0 nmethod 4778 0x000002018b21e390 code [0x000002018b21e540, 0x000002018b21e7e8]
Event: 8.050 Thread 0x000002019e9d64f0 4779       2       com.google.inject.internal.AbstractBindingBuilder::checkNotTargetted (26 bytes)
Event: 8.051 Thread 0x000002019e9d64f0 nmethod 4779 0x000002018b378510 code [0x000002018b3786c0, 0x000002018b378920]
Event: 8.051 Thread 0x000002019e9d64f0 4780       2       org.eclipse.osgi.internal.loader.BundleLoader::findLocalResource (9 bytes)
Event: 8.051 Thread 0x000002019e9d64f0 nmethod 4780 0x000002018b3d8f90 code [0x000002018b3d9140, 0x000002018b3d92a8]
Event: 8.051 Thread 0x000002019e9d64f0 4781       2       org.eclipse.osgi.internal.loader.ModuleClassLoader::findLocalResource (9 bytes)
Event: 8.052 Thread 0x000002019e9d64f0 nmethod 4781 0x000002018b21df90 code [0x000002018b21e140, 0x000002018b21e270]
Event: 8.058 Thread 0x000002019e9d64f0 4782       2       org.objectweb.asm.ClassReader::getFirstAttributeOffset (136 bytes)
Event: 8.059 Thread 0x000002019e9d64f0 nmethod 4782 0x000002018b3dec90 code [0x000002018b3deea0, 0x000002018b3df330]
Event: 8.059 Thread 0x000002019e9d64f0 4783       2       java.lang.Class::isAnnotationPresent (6 bytes)
Event: 8.059 Thread 0x000002019e9d64f0 nmethod 4783 0x000002018b407f10 code [0x000002018b4080e0, 0x000002018b408378]
Event: 8.060 Thread 0x000002019e9d64f0 4784       2       org.objectweb.asm.ClassReader::accept (1419 bytes)

GC Heap History (20 events):
Event: 5.737 GC heap before
{Heap before GC invocations=7 (full 0):
 PSYoungGen      total 29696K, used 23796K [0x00000000d5580000, 0x00000000d7880000, 0x0000000100000000)
  eden space 24576K, 76% used [0x00000000d5580000,0x00000000d67f4d68,0x00000000d6d80000)
  from space 5120K, 95% used [0x00000000d7380000,0x00000000d7848600,0x00000000d7880000)
  to   space 5120K, 0% used [0x00000000d6e80000,0x00000000d6e80000,0x00000000d7380000)
 ParOldGen       total 68608K, used 7750K [0x0000000080000000, 0x0000000084300000, 0x00000000d5580000)
  object space 68608K, 11% used [0x0000000080000000,0x0000000080791800,0x0000000084300000)
 Metaspace       used 20560K, committed 21504K, reserved 1114112K
  class space    used 2206K, committed 2624K, reserved 1048576K
}
Event: 5.742 GC heap after
{Heap after GC invocations=7 (full 0):
 PSYoungGen      total 29184K, used 4594K [0x00000000d5580000, 0x00000000d7780000, 0x0000000100000000)
  eden space 24576K, 0% used [0x00000000d5580000,0x00000000d5580000,0x00000000d6d80000)
  from space 4608K, 99% used [0x00000000d6e80000,0x00000000d72fc9f8,0x00000000d7300000)
  to   space 4608K, 0% used [0x00000000d7300000,0x00000000d7300000,0x00000000d7780000)
 ParOldGen       total 68608K, used 9297K [0x0000000080000000, 0x0000000084300000, 0x00000000d5580000)
  object space 68608K, 13% used [0x0000000080000000,0x0000000080914778,0x0000000084300000)
 Metaspace       used 20560K, committed 21504K, reserved 1114112K
  class space    used 2206K, committed 2624K, reserved 1048576K
}
Event: 5.742 GC heap before
{Heap before GC invocations=8 (full 1):
 PSYoungGen      total 29184K, used 4594K [0x00000000d5580000, 0x00000000d7780000, 0x0000000100000000)
  eden space 24576K, 0% used [0x00000000d5580000,0x00000000d5580000,0x00000000d6d80000)
  from space 4608K, 99% used [0x00000000d6e80000,0x00000000d72fc9f8,0x00000000d7300000)
  to   space 4608K, 0% used [0x00000000d7300000,0x00000000d7300000,0x00000000d7780000)
 ParOldGen       total 68608K, used 9297K [0x0000000080000000, 0x0000000084300000, 0x00000000d5580000)
  object space 68608K, 13% used [0x0000000080000000,0x0000000080914778,0x0000000084300000)
 Metaspace       used 20560K, committed 21504K, reserved 1114112K
  class space    used 2206K, committed 2624K, reserved 1048576K
}
Event: 5.784 GC heap after
{Heap after GC invocations=8 (full 1):
 PSYoungGen      total 29184K, used 0K [0x00000000d5580000, 0x00000000d7780000, 0x0000000100000000)
  eden space 24576K, 0% used [0x00000000d5580000,0x00000000d5580000,0x00000000d6d80000)
  from space 4608K, 0% used [0x00000000d6e80000,0x00000000d6e80000,0x00000000d7300000)
  to   space 4608K, 0% used [0x00000000d7300000,0x00000000d7300000,0x00000000d7780000)
 ParOldGen       total 68608K, used 13248K [0x0000000080000000, 0x0000000084300000, 0x00000000d5580000)
  object space 68608K, 19% used [0x0000000080000000,0x0000000080cf0298,0x0000000084300000)
 Metaspace       used 20548K, committed 21504K, reserved 1114112K
  class space    used 2202K, committed 2624K, reserved 1048576K
}
Event: 6.275 GC heap before
{Heap before GC invocations=9 (full 1):
 PSYoungGen      total 29184K, used 24576K [0x00000000d5580000, 0x00000000d7780000, 0x0000000100000000)
  eden space 24576K, 100% used [0x00000000d5580000,0x00000000d6d80000,0x00000000d6d80000)
  from space 4608K, 0% used [0x00000000d6e80000,0x00000000d6e80000,0x00000000d7300000)
  to   space 4608K, 0% used [0x00000000d7300000,0x00000000d7300000,0x00000000d7780000)
 ParOldGen       total 68608K, used 13248K [0x0000000080000000, 0x0000000084300000, 0x00000000d5580000)
  object space 68608K, 19% used [0x0000000080000000,0x0000000080cf0298,0x0000000084300000)
 Metaspace       used 22715K, committed 23616K, reserved 1114112K
  class space    used 2386K, committed 2752K, reserved 1048576K
}
Event: 6.277 GC heap after
{Heap after GC invocations=9 (full 1):
 PSYoungGen      total 25088K, used 989K [0x00000000d5580000, 0x00000000d7400000, 0x0000000100000000)
  eden space 24064K, 0% used [0x00000000d5580000,0x00000000d5580000,0x00000000d6d00000)
  from space 1024K, 96% used [0x00000000d7300000,0x00000000d73f74e0,0x00000000d7400000)
  to   space 2560K, 0% used [0x00000000d6f00000,0x00000000d6f00000,0x00000000d7180000)
 ParOldGen       total 68608K, used 13256K [0x0000000080000000, 0x0000000084300000, 0x00000000d5580000)
  object space 68608K, 19% used [0x0000000080000000,0x0000000080cf2298,0x0000000084300000)
 Metaspace       used 22715K, committed 23616K, reserved 1114112K
  class space    used 2386K, committed 2752K, reserved 1048576K
}
Event: 6.593 GC heap before
{Heap before GC invocations=10 (full 1):
 PSYoungGen      total 25088K, used 25053K [0x00000000d5580000, 0x00000000d7400000, 0x0000000100000000)
  eden space 24064K, 100% used [0x00000000d5580000,0x00000000d6d00000,0x00000000d6d00000)
  from space 1024K, 96% used [0x00000000d7300000,0x00000000d73f74e0,0x00000000d7400000)
  to   space 2560K, 0% used [0x00000000d6f00000,0x00000000d6f00000,0x00000000d7180000)
 ParOldGen       total 68608K, used 13256K [0x0000000080000000, 0x0000000084300000, 0x00000000d5580000)
  object space 68608K, 19% used [0x0000000080000000,0x0000000080cf2298,0x0000000084300000)
 Metaspace       used 26334K, committed 27328K, reserved 1114112K
  class space    used 2654K, committed 3072K, reserved 1048576K
}
Event: 6.594 GC heap after
{Heap after GC invocations=10 (full 1):
 PSYoungGen      total 26112K, used 1294K [0x00000000d5580000, 0x00000000d7380000, 0x0000000100000000)
  eden space 23552K, 0% used [0x00000000d5580000,0x00000000d5580000,0x00000000d6c80000)
  from space 2560K, 50% used [0x00000000d6f00000,0x00000000d7043bc8,0x00000000d7180000)
  to   space 1536K, 0% used [0x00000000d7200000,0x00000000d7200000,0x00000000d7380000)
 ParOldGen       total 68608K, used 13256K [0x0000000080000000, 0x0000000084300000, 0x00000000d5580000)
  object space 68608K, 19% used [0x0000000080000000,0x0000000080cf2298,0x0000000084300000)
 Metaspace       used 26334K, committed 27328K, reserved 1114112K
  class space    used 2654K, committed 3072K, reserved 1048576K
}
Event: 7.020 GC heap before
{Heap before GC invocations=11 (full 1):
 PSYoungGen      total 26112K, used 24846K [0x00000000d5580000, 0x00000000d7380000, 0x0000000100000000)
  eden space 23552K, 100% used [0x00000000d5580000,0x00000000d6c80000,0x00000000d6c80000)
  from space 2560K, 50% used [0x00000000d6f00000,0x00000000d7043bc8,0x00000000d7180000)
  to   space 1536K, 0% used [0x00000000d7200000,0x00000000d7200000,0x00000000d7380000)
 ParOldGen       total 68608K, used 13256K [0x0000000080000000, 0x0000000084300000, 0x00000000d5580000)
  object space 68608K, 19% used [0x0000000080000000,0x0000000080cf2298,0x0000000084300000)
 Metaspace       used 27783K, committed 28800K, reserved 1114112K
  class space    used 2764K, committed 3136K, reserved 1048576K
}
Event: 7.024 GC heap after
{Heap after GC invocations=11 (full 1):
 PSYoungGen      total 24576K, used 1531K [0x00000000d5580000, 0x00000000d7400000, 0x0000000100000000)
  eden space 23040K, 0% used [0x00000000d5580000,0x00000000d5580000,0x00000000d6c00000)
  from space 1536K, 99% used [0x00000000d7200000,0x00000000d737eda0,0x00000000d7380000)
  to   space 4096K, 0% used [0x00000000d6c00000,0x00000000d6c00000,0x00000000d7000000)
 ParOldGen       total 68608K, used 15033K [0x0000000080000000, 0x0000000084300000, 0x00000000d5580000)
  object space 68608K, 21% used [0x0000000080000000,0x0000000080eae780,0x0000000084300000)
 Metaspace       used 27783K, committed 28800K, reserved 1114112K
  class space    used 2764K, committed 3136K, reserved 1048576K
}
Event: 7.371 GC heap before
{Heap before GC invocations=12 (full 1):
 PSYoungGen      total 24576K, used 24571K [0x00000000d5580000, 0x00000000d7400000, 0x0000000100000000)
  eden space 23040K, 100% used [0x00000000d5580000,0x00000000d6c00000,0x00000000d6c00000)
  from space 1536K, 99% used [0x00000000d7200000,0x00000000d737eda0,0x00000000d7380000)
  to   space 4096K, 0% used [0x00000000d6c00000,0x00000000d6c00000,0x00000000d7000000)
 ParOldGen       total 68608K, used 15033K [0x0000000080000000, 0x0000000084300000, 0x00000000d5580000)
  object space 68608K, 21% used [0x0000000080000000,0x0000000080eae780,0x0000000084300000)
 Metaspace       used 31294K, committed 32256K, reserved 1114112K
  class space    used 3195K, committed 3584K, reserved 1048576K
}
Event: 7.374 GC heap after
{Heap after GC invocations=12 (full 1):
 PSYoungGen      total 26624K, used 1378K [0x00000000d5580000, 0x00000000d7280000, 0x0000000100000000)
  eden space 22528K, 0% used [0x00000000d5580000,0x00000000d5580000,0x00000000d6b80000)
  from space 4096K, 33% used [0x00000000d6c00000,0x00000000d6d58b10,0x00000000d7000000)
  to   space 2560K, 0% used [0x00000000d7000000,0x00000000d7000000,0x00000000d7280000)
 ParOldGen       total 68608K, used 16461K [0x0000000080000000, 0x0000000084300000, 0x00000000d5580000)
  object space 68608K, 23% used [0x0000000080000000,0x00000000810135a8,0x0000000084300000)
 Metaspace       used 31294K, committed 32256K, reserved 1114112K
  class space    used 3195K, committed 3584K, reserved 1048576K
}
Event: 7.671 GC heap before
{Heap before GC invocations=13 (full 1):
 PSYoungGen      total 26624K, used 23906K [0x00000000d5580000, 0x00000000d7280000, 0x0000000100000000)
  eden space 22528K, 100% used [0x00000000d5580000,0x00000000d6b80000,0x00000000d6b80000)
  from space 4096K, 33% used [0x00000000d6c00000,0x00000000d6d58b10,0x00000000d7000000)
  to   space 2560K, 0% used [0x00000000d7000000,0x00000000d7000000,0x00000000d7280000)
 ParOldGen       total 68608K, used 16461K [0x0000000080000000, 0x0000000084300000, 0x00000000d5580000)
  object space 68608K, 23% used [0x0000000080000000,0x00000000810135a8,0x0000000084300000)
 Metaspace       used 33122K, committed 34176K, reserved 1114112K
  class space    used 3436K, committed 3904K, reserved 1048576K
}
Event: 7.674 GC heap after
{Heap after GC invocations=13 (full 1):
 PSYoungGen      total 23552K, used 1483K [0x00000000d5580000, 0x00000000d7180000, 0x0000000100000000)
  eden space 22016K, 0% used [0x00000000d5580000,0x00000000d5580000,0x00000000d6b00000)
  from space 1536K, 96% used [0x00000000d7000000,0x00000000d7172f58,0x00000000d7180000)
  to   space 2048K, 0% used [0x00000000d6d80000,0x00000000d6d80000,0x00000000d6f80000)
 ParOldGen       total 68608K, used 17714K [0x0000000080000000, 0x0000000084300000, 0x00000000d5580000)
  object space 68608K, 25% used [0x0000000080000000,0x000000008114c8c0,0x0000000084300000)
 Metaspace       used 33122K, committed 34176K, reserved 1114112K
  class space    used 3436K, committed 3904K, reserved 1048576K
}
Event: 7.789 GC heap before
{Heap before GC invocations=14 (full 1):
 PSYoungGen      total 23552K, used 15763K [0x00000000d5580000, 0x00000000d7180000, 0x0000000100000000)
  eden space 22016K, 64% used [0x00000000d5580000,0x00000000d6372050,0x00000000d6b00000)
  from space 1536K, 96% used [0x00000000d7000000,0x00000000d7172f58,0x00000000d7180000)
  to   space 2048K, 0% used [0x00000000d6d80000,0x00000000d6d80000,0x00000000d6f80000)
 ParOldGen       total 68608K, used 17714K [0x0000000080000000, 0x0000000084300000, 0x00000000d5580000)
  object space 68608K, 25% used [0x0000000080000000,0x000000008114c8c0,0x0000000084300000)
 Metaspace       used 34781K, committed 35904K, reserved 1114112K
  class space    used 3627K, committed 4096K, reserved 1048576K
}
Event: 7.791 GC heap after
{Heap after GC invocations=14 (full 1):
 PSYoungGen      total 23040K, used 903K [0x00000000d5580000, 0x00000000d7080000, 0x0000000100000000)
  eden space 22016K, 0% used [0x00000000d5580000,0x00000000d5580000,0x00000000d6b00000)
  from space 1024K, 88% used [0x00000000d6d80000,0x00000000d6e61d38,0x00000000d6e80000)
  to   space 1536K, 0% used [0x00000000d6f00000,0x00000000d6f00000,0x00000000d7080000)
 ParOldGen       total 68608K, used 18853K [0x0000000080000000, 0x0000000084300000, 0x00000000d5580000)
  object space 68608K, 27% used [0x0000000080000000,0x0000000081269610,0x0000000084300000)
 Metaspace       used 34781K, committed 35904K, reserved 1114112K
  class space    used 3627K, committed 4096K, reserved 1048576K
}
Event: 7.806 GC heap before
{Heap before GC invocations=15 (full 1):
 PSYoungGen      total 23040K, used 3009K [0x00000000d5580000, 0x00000000d7080000, 0x0000000100000000)
  eden space 22016K, 9% used [0x00000000d5580000,0x00000000d578e7c8,0x00000000d6b00000)
  from space 1024K, 88% used [0x00000000d6d80000,0x00000000d6e61d38,0x00000000d6e80000)
  to   space 1536K, 0% used [0x00000000d6f00000,0x00000000d6f00000,0x00000000d7080000)
 ParOldGen       total 68608K, used 18853K [0x0000000080000000, 0x0000000084300000, 0x00000000d5580000)
  object space 68608K, 27% used [0x0000000080000000,0x0000000081269610,0x0000000084300000)
 Metaspace       used 35018K, committed 36160K, reserved 1114112K
  class space    used 3666K, committed 4160K, reserved 1048576K
}
Event: 7.807 GC heap after
{Heap after GC invocations=15 (full 1):
 PSYoungGen      total 22528K, used 240K [0x00000000d5580000, 0x00000000d6f80000, 0x0000000100000000)
  eden space 22016K, 0% used [0x00000000d5580000,0x00000000d5580000,0x00000000d6b00000)
  from space 512K, 46% used [0x00000000d6f00000,0x00000000d6f3c010,0x00000000d6f80000)
  to   space 1024K, 0% used [0x00000000d6d80000,0x00000000d6d80000,0x00000000d6e80000)
 ParOldGen       total 68608K, used 19560K [0x0000000080000000, 0x0000000084300000, 0x00000000d5580000)
  object space 68608K, 28% used [0x0000000080000000,0x000000008131a1b0,0x0000000084300000)
 Metaspace       used 35018K, committed 36160K, reserved 1114112K
  class space    used 3666K, committed 4160K, reserved 1048576K
}
Event: 7.807 GC heap before
{Heap before GC invocations=16 (full 2):
 PSYoungGen      total 22528K, used 240K [0x00000000d5580000, 0x00000000d6f80000, 0x0000000100000000)
  eden space 22016K, 0% used [0x00000000d5580000,0x00000000d5580000,0x00000000d6b00000)
  from space 512K, 46% used [0x00000000d6f00000,0x00000000d6f3c010,0x00000000d6f80000)
  to   space 1024K, 0% used [0x00000000d6d80000,0x00000000d6d80000,0x00000000d6e80000)
 ParOldGen       total 68608K, used 19560K [0x0000000080000000, 0x0000000084300000, 0x00000000d5580000)
  object space 68608K, 28% used [0x0000000080000000,0x000000008131a1b0,0x0000000084300000)
 Metaspace       used 35018K, committed 36160K, reserved 1114112K
  class space    used 3666K, committed 4160K, reserved 1048576K
}
Event: 7.861 GC heap after
{Heap after GC invocations=16 (full 2):
 PSYoungGen      total 22528K, used 0K [0x00000000d5580000, 0x00000000d6f80000, 0x0000000100000000)
  eden space 22016K, 0% used [0x00000000d5580000,0x00000000d5580000,0x00000000d6b00000)
  from space 512K, 0% used [0x00000000d6f00000,0x00000000d6f00000,0x00000000d6f80000)
  to   space 1024K, 0% used [0x00000000d6d80000,0x00000000d6d80000,0x00000000d6e80000)
 ParOldGen       total 68608K, used 18723K [0x0000000080000000, 0x0000000084300000, 0x00000000d5580000)
  object space 68608K, 27% used [0x0000000080000000,0x0000000081248cf8,0x0000000084300000)
 Metaspace       used 35018K, committed 36160K, reserved 1114112K
  class space    used 3666K, committed 4160K, reserved 1048576K
}

Dll operation events (10 events):
Event: 0.036 Loaded shared library c:\Users\Kasidit\.vscode\extensions\redhat.java-1.52.0-win32-x64\jre\21.0.9-win32-x86_64\bin\java.dll
Event: 0.230 Loaded shared library c:\Users\Kasidit\.vscode\extensions\redhat.java-1.52.0-win32-x64\jre\21.0.9-win32-x86_64\bin\zip.dll
Event: 0.335 Loaded shared library C:\Users\Kasidit\.vscode\extensions\redhat.java-1.52.0-win32-x64\jre\21.0.9-win32-x86_64\bin\instrument.dll
Event: 0.376 Loaded shared library C:\Users\Kasidit\.vscode\extensions\redhat.java-1.52.0-win32-x64\jre\21.0.9-win32-x86_64\bin\net.dll
Event: 0.389 Loaded shared library C:\Users\Kasidit\.vscode\extensions\redhat.java-1.52.0-win32-x64\jre\21.0.9-win32-x86_64\bin\nio.dll
Event: 0.409 Loaded shared library C:\Users\Kasidit\.vscode\extensions\redhat.java-1.52.0-win32-x64\jre\21.0.9-win32-x86_64\bin\zip.dll
Event: 0.447 Loaded shared library C:\Users\Kasidit\.vscode\extensions\redhat.java-1.52.0-win32-x64\jre\21.0.9-win32-x86_64\bin\jimage.dll
Event: 0.563 Loaded shared library c:\Users\Kasidit\.vscode\extensions\redhat.java-1.52.0-win32-x64\jre\21.0.9-win32-x86_64\bin\verify.dll
Event: 2.752 Loaded shared library C:\Users\Kasidit\AppData\Roaming\Code\User\globalStorage\redhat.java\1.52.0\config_win\org.eclipse.equinox.launcher\org.eclipse.equinox.launcher.win32.win32.x86_64_1.2.1500.v20260121-1430\eclipse_11919.dll
Event: 5.022 Loaded shared library C:\Users\Kasidit\AppData\Local\Temp\jna-729759427\jna8157003118823310335.dll

Deoptimization events (20 events):
Event: 7.566 Thread 0x00000201e1c57bd0 DEOPT PACKING pc=0x0000020192c70b48 sp=0x000000b279afc0e0
Event: 7.566 Thread 0x00000201e1c57bd0 DEOPT UNPACKING pc=0x00000201926c3aa2 sp=0x000000b279afc040 mode 2
Event: 7.684 Thread 0x00000201e1f1fc80 Uncommon trap: trap_request=0xffffff45 fr.pc=0x0000020192d9d9a4 relative=0x00000000000008c4
Event: 7.684 Thread 0x00000201e1f1fc80 Uncommon trap: reason=unstable_if action=reinterpret pc=0x0000020192d9d9a4 method=java.util.concurrent.ConcurrentHashMap.addCount(JI)V @ 34 c2
Event: 7.684 Thread 0x00000201e1f1fc80 DEOPT PACKING pc=0x0000020192d9d9a4 sp=0x000000b27a2f3850
Event: 7.684 Thread 0x00000201e1f1fc80 DEOPT UNPACKING pc=0x00000201926c3aa2 sp=0x000000b27a2f3710 mode 2
Event: 7.685 Thread 0x00000201e1f1fc80 Uncommon trap: trap_request=0xffffff45 fr.pc=0x0000020192cbf514 relative=0x0000000000000154
Event: 7.685 Thread 0x00000201e1f1fc80 Uncommon trap: reason=unstable_if action=reinterpret pc=0x0000020192cbf514 method=java.util.concurrent.ConcurrentHashMap.addCount(JI)V @ 7 c2
Event: 7.685 Thread 0x00000201e1f1fc80 DEOPT PACKING pc=0x0000020192cbf514 sp=0x000000b27a2f5730
Event: 7.685 Thread 0x00000201e1f1fc80 DEOPT UNPACKING pc=0x00000201926c3aa2 sp=0x000000b27a2f5690 mode 2
Event: 7.721 Thread 0x0000020187f32700 Uncommon trap: trap_request=0xffffff45 fr.pc=0x0000020192dc0980 relative=0x0000000000000160
Event: 7.721 Thread 0x0000020187f32700 Uncommon trap: reason=unstable_if action=reinterpret pc=0x0000020192dc0980 method=java.util.concurrent.locks.ReentrantReadWriteLock$Sync.tryAcquireShared(I)I @ 55 c2
Event: 7.721 Thread 0x0000020187f32700 DEOPT PACKING pc=0x0000020192dc0980 sp=0x000000b2782f5970
Event: 7.721 Thread 0x0000020187f32700 DEOPT UNPACKING pc=0x00000201926c3aa2 sp=0x000000b2782f58f0 mode 2
Event: 7.755 Thread 0x00000201e1f1dbb0 DEOPT PACKING pc=0x000002018ba983d3 sp=0x000000b27a1fdcc0
Event: 7.755 Thread 0x00000201e1f1dbb0 DEOPT UNPACKING pc=0x00000201926c4242 sp=0x000000b27a1fd130 mode 0
Event: 7.939 Thread 0x00000201e1f1fc80 DEOPT PACKING pc=0x000002018b72a3be sp=0x000000b27a2fced0
Event: 7.939 Thread 0x00000201e1f1fc80 DEOPT UNPACKING pc=0x00000201926c4242 sp=0x000000b27a2fc410 mode 0
Event: 7.949 Thread 0x00000201e1f1ef60 DEOPT PACKING pc=0x000002018b25ffcb sp=0x000000b27a0fe9a0
Event: 7.949 Thread 0x00000201e1f1ef60 DEOPT UNPACKING pc=0x00000201926c4242 sp=0x000000b27a0fdea8 mode 0

Classes loaded (20 events):
Event: 7.939 Loading class java/util/concurrent/CompletableFuture
Event: 7.957 Loading class sun/nio/fs/WindowsException
Event: 7.958 Loading class sun/nio/fs/WindowsException done
Event: 7.966 Loading class java/util/concurrent/CompletableFuture done
Event: 7.977 Loading class java/lang/reflect/Executable$ParameterData
Event: 7.977 Loading class java/lang/reflect/Executable$ParameterData done
Event: 7.979 Loading class sun/reflect/generics/scope/MethodScope
Event: 7.979 Loading class sun/reflect/generics/scope/MethodScope done
Event: 7.979 Loading class sun/reflect/generics/repository/MethodRepository
Event: 7.979 Loading class sun/reflect/generics/repository/ConstructorRepository
Event: 7.979 Loading class sun/reflect/generics/repository/ConstructorRepository done
Event: 7.979 Loading class sun/reflect/generics/repository/MethodRepository done
Event: 7.979 Loading class sun/reflect/generics/tree/MethodTypeSignature
Event: 7.980 Loading class sun/reflect/generics/tree/MethodTypeSignature done
Event: 8.003 Loading class jdk/internal/vm/annotation/IntrinsicCandidate
Event: 8.003 Loading class jdk/internal/vm/annotation/IntrinsicCandidate done
Event: 8.003 Loading class sun/net/www/protocol/https/Handler
Event: 8.004 Loading class sun/net/www/protocol/http/Handler
Event: 8.005 Loading class sun/net/www/protocol/http/Handler done
Event: 8.005 Loading class sun/net/www/protocol/https/Handler done

Classes unloaded (7 events):
Event: 5.748 Thread 0x0000020187fef9e0 Unloading class 0x00000201a01acc00 'java/lang/invoke/LambdaForm$MH+0x00000201a01acc00'
Event: 5.748 Thread 0x0000020187fef9e0 Unloading class 0x00000201a01ac800 'java/lang/invoke/LambdaForm$MH+0x00000201a01ac800'
Event: 5.748 Thread 0x0000020187fef9e0 Unloading class 0x00000201a01ac400 'java/lang/invoke/LambdaForm$MH+0x00000201a01ac400'
Event: 5.748 Thread 0x0000020187fef9e0 Unloading class 0x00000201a01ac000 'java/lang/invoke/LambdaForm$MH+0x00000201a01ac000'
Event: 5.748 Thread 0x0000020187fef9e0 Unloading class 0x00000201a01abc00 'java/lang/invoke/LambdaForm$BMH+0x00000201a01abc00'
Event: 5.748 Thread 0x0000020187fef9e0 Unloading class 0x00000201a01ab800 'java/lang/invoke/LambdaForm$DMH+0x00000201a01ab800'
Event: 5.748 Thread 0x0000020187fef9e0 Unloading class 0x00000201a01aa400 'java/lang/invoke/LambdaForm$DMH+0x00000201a01aa400'

Classes redefined (0 events):
No events

Internal exceptions (20 events):
Event: 7.090 Thread 0x00000201e1c57bd0 Exception <a 'java/lang/ClassNotFoundException'{0x00000000d5a50aa0}: com/sun/org/apache/xerces/internal/impl/msg/spi/XMLSerializerMessagesProvider> (0x00000000d5a50aa0) 
thrown [s\src\hotspot\share\classfile\systemDictionary.cpp, line 312]
Event: 7.097 Thread 0x00000201e1c57bd0 Exception <a 'java/lang/ClassNotFoundException'{0x00000000d5a5dd70}: com/sun/org/apache/xerces/internal/impl/msg/spi/XMLMessagesProvider> (0x00000000d5a5dd70) 
thrown [s\src\hotspot\share\classfile\systemDictionary.cpp, line 312]
Event: 7.379 Thread 0x00000201e1c57bd0 Exception <a 'java/lang/ClassNotFoundException'{0x00000000d55bb518}: com/sun/org/apache/xml/internal/serializer/spi/XMLEntitiesProvider> (0x00000000d55bb518) 
thrown [s\src\hotspot\share\classfile\systemDictionary.cpp, line 312]
Event: 7.421 Thread 0x00000201e1f1dbb0 Exception <a 'java/lang/NoClassDefFoundError'{0x00000000d58b1610}: javax/enterprise/inject/Typed> (0x00000000d58b1610) 
thrown [s\src\hotspot\share\classfile\systemDictionary.cpp, line 301]
Event: 7.535 Thread 0x00000201e1c57bd0 Exception <a 'java/io/FileNotFoundException'{0x00000000d605a580}> (0x00000000d605a580) 
thrown [s\src\hotspot\share\prims\jni.cpp, line 520]
Event: 7.571 Thread 0x00000201e1c57bd0 Exception <a 'java/lang/UnsatisfiedLinkError'{0x00000000d636dd70}: The specified procedure could not be found.
> (0x00000000d636dd70) 
thrown [s\src\hotspot\share\prims\jni.cpp, line 539]
Event: 7.577 Thread 0x00000201e1c57bd0 Exception <a 'java/io/FileNotFoundException'{0x00000000d6385c00}> (0x00000000d6385c00) 
thrown [s\src\hotspot\share\prims\jni.cpp, line 520]
Event: 7.589 Thread 0x00000201e1c57bd0 Exception <a 'java/io/FileNotFoundException'{0x00000000d659b4e8}> (0x00000000d659b4e8) 
thrown [s\src\hotspot\share\prims\jni.cpp, line 520]
Event: 7.599 Thread 0x00000201e1c57bd0 Exception <a 'java/lang/UnsatisfiedLinkError'{0x00000000d65cdb20}: The specified procedure could not be found.
> (0x00000000d65cdb20) 
thrown [s\src\hotspot\share\prims\jni.cpp, line 539]
Event: 7.708 Thread 0x00000201e1f1ef60 Exception <a 'java/lang/NoSuchMethodError'{0x00000000d5956768}: 'void java.lang.invoke.DirectMethodHandle$Holder.invokeStaticInit(java.lang.Object, java.lang.Object, java.lang.Object, java.lang.Object)'> (0x00000000d5956768) 
thrown [s\src\hotspot\share\interpreter\linkResolver.cpp, line 773]
Event: 7.784 Thread 0x0000020187f32700 Exception <a 'java/lang/NoSuchMethodError'{0x00000000d62fbc78}: 'java.lang.Object java.lang.invoke.DirectMethodHandle$Holder.invokeStatic(java.lang.Object, long, java.lang.Object)'> (0x00000000d62fbc78) 
thrown [s\src\hotspot\share\interpreter\linkResolver.cpp, line 773]
Event: 7.786 Thread 0x0000020187f32700 Exception <a 'java/lang/NoSuchMethodError'{0x00000000d63343b0}: 'java.lang.Object java.lang.invoke.DirectMethodHandle$Holder.invokeStaticInit(java.lang.Object, long, java.lang.Object)'> (0x00000000d63343b0) 
thrown [s\src\hotspot\share\interpreter\linkResolver.cpp, line 773]
Event: 7.788 Thread 0x0000020187f32700 Exception <a 'java/lang/NoSuchMethodError'{0x00000000d634f3c0}: 'java.lang.Object java.lang.invoke.DirectMethodHandle$Holder.newInvokeSpecial(java.lang.Object, long)'> (0x00000000d634f3c0) 
thrown [s\src\hotspot\share\interpreter\linkResolver.cpp, line 773]
Event: 7.887 Thread 0x00000201e1f1fc80 Exception <a 'java/io/FileNotFoundException'{0x00000000d57c4f50}> (0x00000000d57c4f50) 
thrown [s\src\hotspot\share\prims\jni.cpp, line 520]
Event: 7.958 Thread 0x00000201e1f1fc80 Exception <a 'sun/nio/fs/WindowsException'{0x00000000d5efb558}> (0x00000000d5efb558) 
thrown [s\src\hotspot\share\prims\jni.cpp, line 520]
Event: 7.958 Thread 0x00000201e1f1fc80 Exception <a 'sun/nio/fs/WindowsException'{0x00000000d5efbe70}> (0x00000000d5efbe70) 
thrown [s\src\hotspot\share\prims\jni.cpp, line 520]
Event: 7.959 Thread 0x00000201e1f1fc80 Exception <a 'sun/nio/fs/WindowsException'{0x00000000d5efcb30}> (0x00000000d5efcb30) 
thrown [s\src\hotspot\share\prims\jni.cpp, line 520]
Event: 7.959 Thread 0x00000201e1f1fc80 Exception <a 'sun/nio/fs/WindowsException'{0x00000000d5efd430}> (0x00000000d5efd430) 
thrown [s\src\hotspot\share\prims\jni.cpp, line 520]
Event: 7.996 Thread 0x00000201e1f1fc80 Exception <a 'sun/nio/fs/WindowsException'{0x00000000d60220e0}> (0x00000000d60220e0) 
thrown [s\src\hotspot\share\prims\jni.cpp, line 520]
Event: 7.996 Thread 0x00000201e1f1fc80 Exception <a 'sun/nio/fs/WindowsException'{0x00000000d60229e0}> (0x00000000d60229e0) 
thrown [s\src\hotspot\share\prims\jni.cpp, line 520]

ZGC Phase Switch (0 events):
No events

VM Operations (20 events):
Event: 6.935 Executing VM operation: HandshakeAllThreads (Deoptimize)
Event: 6.936 Executing VM operation: HandshakeAllThreads (Deoptimize) done
Event: 7.020 Executing VM operation: ParallelGCFailedAllocation (Allocation Failure)
Event: 7.024 Executing VM operation: ParallelGCFailedAllocation (Allocation Failure) done
Event: 7.180 Executing VM operation: HandshakeAllThreads (Deoptimize)
Event: 7.206 Executing VM operation: HandshakeAllThreads (Deoptimize) done
Event: 7.371 Executing VM operation: ParallelGCFailedAllocation (Allocation Failure)
Event: 7.374 Executing VM operation: ParallelGCFailedAllocation (Allocation Failure) done
Event: 7.409 Executing VM operation: HandshakeAllThreads (Deoptimize)
Event: 7.409 Executing VM operation: HandshakeAllThreads (Deoptimize) done
Event: 7.424 Executing VM operation: HandshakeAllThreads (Deoptimize)
Event: 7.424 Executing VM operation: HandshakeAllThreads (Deoptimize) done
Event: 7.658 Executing VM operation: ParallelGCFailedAllocation (Allocation Failure)
Event: 7.674 Executing VM operation: ParallelGCFailedAllocation (Allocation Failure) done
Event: 7.788 Executing VM operation: CollectForMetadataAllocation (Metadata GC Threshold)
Event: 7.788 Executing VM operation: CollectForMetadataAllocation (Metadata GC Threshold) done
Event: 7.788 Executing VM operation: ParallelGCSystemGC (GCLocker Initiated GC)
Event: 7.791 Executing VM operation: ParallelGCSystemGC (GCLocker Initiated GC) done
Event: 7.806 Executing VM operation: CollectForMetadataAllocation (Metadata GC Threshold)
Event: 7.861 Executing VM operation: CollectForMetadataAllocation (Metadata GC Threshold) done

Memory protections (0 events):
No events

Nmethod flushes (20 events):
Event: 7.833 Thread 0x0000020187fef9e0 flushing  nmethod 0x000002018b772990
Event: 7.833 Thread 0x0000020187fef9e0 flushing  nmethod 0x000002018b773290
Event: 7.833 Thread 0x0000020187fef9e0 flushing  nmethod 0x000002018b774490
Event: 7.833 Thread 0x0000020187fef9e0 flushing  nmethod 0x000002018b774c90
Event: 7.833 Thread 0x0000020187fef9e0 flushing  nmethod 0x000002018b775410
Event: 7.833 Thread 0x0000020187fef9e0 flushing  nmethod 0x000002018b776190
Event: 7.833 Thread 0x0000020187fef9e0 flushing  nmethod 0x000002018b779a10
Event: 7.833 Thread 0x0000020187fef9e0 flushing  nmethod 0x000002018b77b010
Event: 7.833 Thread 0x0000020187fef9e0 flushing  nmethod 0x000002018b7a6b10
Event: 7.833 Thread 0x0000020187fef9e0 flushing  nmethod 0x000002018b7b6b90
Event: 7.833 Thread 0x0000020187fef9e0 flushing  nmethod 0x000002018b7bdd10
Event: 7.833 Thread 0x0000020187fef9e0 flushing  nmethod 0x000002018b7d2510
Event: 7.833 Thread 0x0000020187fef9e0 flushing  nmethod 0x000002018b7d2890
Event: 7.833 Thread 0x0000020187fef9e0 flushing  nmethod 0x000002018b810710
Event: 7.833 Thread 0x0000020187fef9e0 flushing  nmethod 0x000002018b811c90
Event: 7.833 Thread 0x0000020187fef9e0 flushing  nmethod 0x000002018b82b610
Event: 7.833 Thread 0x0000020187fef9e0 flushing  nmethod 0x000002018b85cf10
Event: 7.833 Thread 0x0000020187fef9e0 flushing  nmethod 0x000002018b871610
Event: 7.833 Thread 0x0000020187fef9e0 flushing  nmethod 0x000002018b871a90
Event: 7.833 Thread 0x0000020187fef9e0 flushing  nmethod 0x000002018b875d10

Events (20 events):
Event: 4.087 Thread 0x00000201e1c57bd0 Thread added: 0x00000201e6611f70
Event: 4.527 Thread 0x00000201e1c57bd0 Thread added: 0x00000201e1f1e240
Event: 5.053 Thread 0x00000201e1c57bd0 Thread added: 0x00000201e1f1e8d0
Event: 5.096 Thread 0x00000201e1c57bd0 Thread added: 0x00000201e1f1ef60
Event: 5.126 Thread 0x00000201e1c57bd0 Thread added: 0x00000201e1f1dbb0
Event: 6.389 Thread 0x00000201e62af640 Thread exited: 0x00000201e62af640
Event: 7.151 Thread 0x00000201e1c57bd0 Thread added: 0x00000201e1f1f5f0
Event: 7.160 Thread 0x00000201e1f1ef60 Thread added: 0x00000201e1f1fc80
Event: 7.647 Thread 0x00000201e1f1ef60 Thread added: 0x00000201e1f1c800
Event: 7.758 Thread 0x00000201e1f1c800 Thread added: 0x00000201e1f1ce90
Event: 7.863 Thread 0x0000020187f32700 Thread added: 0x00000201e1f1d520
Event: 7.864 Thread 0x0000020187f32700 Thread added: 0x00000201e1c6aa90
Event: 7.865 Thread 0x0000020187f32700 Thread added: 0x00000201e1c6a400
Event: 7.865 Thread 0x0000020187f32700 Thread added: 0x00000201e1c6b120
Event: 7.866 Thread 0x0000020187f32700 Thread added: 0x00000201e1c696e0
Event: 7.866 Thread 0x0000020187f32700 Thread added: 0x00000201e1c67ca0
Event: 7.867 Thread 0x0000020187f32700 Thread added: 0x00000201e1c689c0
Event: 7.868 Thread 0x0000020187f32700 Thread added: 0x00000201e1c68330
Event: 7.868 Thread 0x0000020187f32700 Thread added: 0x00000201e1c69050
Event: 7.900 Thread 0x0000020187f32700 Thread added: 0x00000201e1c69d70


Dynamic libraries:
0x00007ff6bd070000 - 0x00007ff6bd07e000 	c:\Users\Kasidit\.vscode\extensions\redhat.java-1.52.0-win32-x64\jre\21.0.9-win32-x86_64\bin\java.exe
0x00007ffd19630000 - 0x00007ffd19828000 	C:\WINDOWS\SYSTEM32\ntdll.dll
0x00007ffd18880000 - 0x00007ffd18942000 	C:\WINDOWS\System32\KERNEL32.DLL
0x00007ffd16e10000 - 0x00007ffd17106000 	C:\WINDOWS\System32\KERNELBASE.dll
0x00007ffd17330000 - 0x00007ffd17430000 	C:\WINDOWS\System32\ucrtbase.dll
0x00007ffd11160000 - 0x00007ffd1117e000 	c:\Users\Kasidit\.vscode\extensions\redhat.java-1.52.0-win32-x64\jre\21.0.9-win32-x86_64\bin\VCRUNTIME140.dll
0x00007ffd13b40000 - 0x00007ffd13b58000 	c:\Users\Kasidit\.vscode\extensions\redhat.java-1.52.0-win32-x64\jre\21.0.9-win32-x86_64\bin\jli.dll
0x00007ffd18000000 - 0x00007ffd181a1000 	C:\WINDOWS\System32\USER32.dll
0x00007ffd16d40000 - 0x00007ffd16d62000 	C:\WINDOWS\System32\win32u.dll
0x00007ffd02820000 - 0x00007ffd02abb000 	C:\WINDOWS\WinSxS\amd64_microsoft.windows.common-controls_6595b64144ccf1df_6.0.19041.6456_none_60b8a6cb71f64256\COMCTL32.dll
0x00007ffd17d70000 - 0x00007ffd17d9b000 	C:\WINDOWS\System32\GDI32.dll
0x00007ffd17c10000 - 0x00007ffd17cae000 	C:\WINDOWS\System32\msvcrt.dll
0x00007ffd17110000 - 0x00007ffd17229000 	C:\WINDOWS\System32\gdi32full.dll
0x00007ffd16d70000 - 0x00007ffd16e0d000 	C:\WINDOWS\System32\msvcp_win.dll
0x00007ffd17b10000 - 0x00007ffd17b3f000 	C:\WINDOWS\System32\IMM32.DLL
0x00007ffd127a0000 - 0x00007ffd127ac000 	c:\Users\Kasidit\.vscode\extensions\redhat.java-1.52.0-win32-x64\jre\21.0.9-win32-x86_64\bin\vcruntime140_1.dll
0x00007ffcdd4e0000 - 0x00007ffcdd56d000 	c:\Users\Kasidit\.vscode\extensions\redhat.java-1.52.0-win32-x64\jre\21.0.9-win32-x86_64\bin\msvcp140.dll
0x00007ffccfbb0000 - 0x00007ffcd0950000 	c:\Users\Kasidit\.vscode\extensions\redhat.java-1.52.0-win32-x64\jre\21.0.9-win32-x86_64\bin\server\jvm.dll
0x00007ffd181b0000 - 0x00007ffd18261000 	C:\WINDOWS\System32\ADVAPI32.dll
0x00007ffd18470000 - 0x00007ffd1850f000 	C:\WINDOWS\System32\sechost.dll
0x00007ffd179f0000 - 0x00007ffd17b10000 	C:\WINDOWS\System32\RPCRT4.dll
0x00007ffd16d10000 - 0x00007ffd16d37000 	C:\WINDOWS\System32\bcrypt.dll
0x00007ffd18630000 - 0x00007ffd1869b000 	C:\WINDOWS\System32\WS2_32.dll
0x00007ffd166a0000 - 0x00007ffd166eb000 	C:\WINDOWS\SYSTEM32\POWRPROF.dll
0x00007ffcfca40000 - 0x00007ffcfca67000 	C:\WINDOWS\SYSTEM32\WINMM.dll
0x00007ffd11130000 - 0x00007ffd1113a000 	C:\WINDOWS\SYSTEM32\VERSION.dll
0x00007ffd16680000 - 0x00007ffd16692000 	C:\WINDOWS\SYSTEM32\UMPDC.dll
0x00007ffd14b00000 - 0x00007ffd14b12000 	C:\WINDOWS\SYSTEM32\kernel.appcore.dll
0x00007ffd10fb0000 - 0x00007ffd10fba000 	c:\Users\Kasidit\.vscode\extensions\redhat.java-1.52.0-win32-x64\jre\21.0.9-win32-x86_64\bin\jimage.dll
0x00007ffd02ef0000 - 0x00007ffd030f1000 	C:\WINDOWS\SYSTEM32\DBGHELP.DLL
0x00007ffcfeba0000 - 0x00007ffcfebd4000 	C:\WINDOWS\SYSTEM32\dbgcore.DLL
0x00007ffd17430000 - 0x00007ffd174b2000 	C:\WINDOWS\System32\bcryptPrimitives.dll
0x00007ffd10e90000 - 0x00007ffd10e9f000 	c:\Users\Kasidit\.vscode\extensions\redhat.java-1.52.0-win32-x64\jre\21.0.9-win32-x86_64\bin\instrument.dll
0x00007ffd0e840000 - 0x00007ffd0e860000 	c:\Users\Kasidit\.vscode\extensions\redhat.java-1.52.0-win32-x64\jre\21.0.9-win32-x86_64\bin\java.dll
0x00007ffd18e40000 - 0x00007ffd195b0000 	C:\WINDOWS\System32\SHELL32.dll
0x00007ffd14d00000 - 0x00007ffd154a5000 	C:\WINDOWS\SYSTEM32\windows.storage.dll
0x00007ffd17690000 - 0x00007ffd179e4000 	C:\WINDOWS\System32\combase.dll
0x00007ffd16650000 - 0x00007ffd1667b000 	C:\WINDOWS\SYSTEM32\Wldp.dll
0x00007ffd17b40000 - 0x00007ffd17c0d000 	C:\WINDOWS\System32\OLEAUT32.dll
0x00007ffd17da0000 - 0x00007ffd17e4d000 	C:\WINDOWS\System32\SHCORE.dll
0x00007ffd17d10000 - 0x00007ffd17d6b000 	C:\WINDOWS\System32\shlwapi.dll
0x00007ffd16bc0000 - 0x00007ffd16be4000 	C:\WINDOWS\SYSTEM32\profapi.dll
0x00007ffd0c820000 - 0x00007ffd0c838000 	c:\Users\Kasidit\.vscode\extensions\redhat.java-1.52.0-win32-x64\jre\21.0.9-win32-x86_64\bin\zip.dll
0x00007ffd10c00000 - 0x00007ffd10c10000 	C:\Users\Kasidit\.vscode\extensions\redhat.java-1.52.0-win32-x64\jre\21.0.9-win32-x86_64\bin\net.dll
0x00007ffd10ac0000 - 0x00007ffd10bca000 	C:\WINDOWS\SYSTEM32\WINHTTP.dll
0x00007ffd16340000 - 0x00007ffd163aa000 	C:\WINDOWS\system32\mswsock.dll
0x00007ffd09920000 - 0x00007ffd09936000 	C:\Users\Kasidit\.vscode\extensions\redhat.java-1.52.0-win32-x64\jre\21.0.9-win32-x86_64\bin\nio.dll
0x00007ffd13b80000 - 0x00007ffd13b90000 	c:\Users\Kasidit\.vscode\extensions\redhat.java-1.52.0-win32-x64\jre\21.0.9-win32-x86_64\bin\verify.dll
0x00007ffceb9d0000 - 0x00007ffceba15000 	C:\Users\Kasidit\AppData\Roaming\Code\User\globalStorage\redhat.java\1.52.0\config_win\org.eclipse.equinox.launcher\org.eclipse.equinox.launcher.win32.win32.x86_64_1.2.1500.v20260121-1430\eclipse_11919.dll
0x00007ffd186a0000 - 0x00007ffd187cb000 	C:\WINDOWS\System32\ole32.dll
0x00007ffd165a0000 - 0x00007ffd165b8000 	C:\WINDOWS\SYSTEM32\CRYPTSP.dll
0x00007ffd15c60000 - 0x00007ffd15c98000 	C:\WINDOWS\system32\rsaenh.dll
0x00007ffd16b40000 - 0x00007ffd16b6e000 	C:\WINDOWS\SYSTEM32\USERENV.dll
0x00007ffd165c0000 - 0x00007ffd165cc000 	C:\WINDOWS\SYSTEM32\CRYPTBASE.dll
0x00007ffd16020000 - 0x00007ffd1605b000 	C:\WINDOWS\SYSTEM32\IPHLPAPI.DLL
0x00007ffd17620000 - 0x00007ffd17628000 	C:\WINDOWS\System32\NSI.dll
0x00007ffce6d90000 - 0x00007ffce6dd9000 	C:\Users\Kasidit\AppData\Local\Temp\jna-729759427\jna8157003118823310335.dll
0x00007ffd195b0000 - 0x00007ffd195b8000 	C:\WINDOWS\System32\PSAPI.DLL
0x00007ffd0eac0000 - 0x00007ffd0ead7000 	C:\WINDOWS\SYSTEM32\dhcpcsvc6.DLL
0x00007ffd0e860000 - 0x00007ffd0e87d000 	C:\WINDOWS\SYSTEM32\dhcpcsvc.DLL

JVMTI agents:
c:\Users\Kasidit\.vscode\extensions\redhat.java-1.52.0-win32-x64\lombok\lombok-1.18.39-4050.jar path:c:\Users\Kasidit\.vscode\extensions\redhat.java-1.52.0-win32-x64\jre\21.0.9-win32-x86_64\bin\instrument.dll, loaded, initialized, instrumentlib options:none

dbghelp: loaded successfully - version: 4.0.5 - missing functions: none
symbol engine: initialized successfully - sym options: 0x614 - pdb path: .;c:\Users\Kasidit\.vscode\extensions\redhat.java-1.52.0-win32-x64\jre\21.0.9-win32-x86_64\bin;C:\WINDOWS\SYSTEM32;C:\WINDOWS\WinSxS\amd64_microsoft.windows.common-controls_6595b64144ccf1df_6.0.19041.6456_none_60b8a6cb71f64256;c:\Users\Kasidit\.vscode\extensions\redhat.java-1.52.0-win32-x64\jre\21.0.9-win32-x86_64\bin\server;C:\Users\Kasidit\AppData\Roaming\Code\User\globalStorage\redhat.java\1.52.0\config_win\org.eclipse.equinox.launcher\org.eclipse.equinox.launcher.win32.win32.x86_64_1.2.1500.v20260121-1430;C:\Users\Kasidit\AppData\Local\Temp\jna-729759427

VM Arguments:
jvm_args: --add-modules=ALL-SYSTEM --add-opens=java.base/java.util=ALL-UNNAMED --add-opens=java.base/java.lang=ALL-UNNAMED --add-opens=java.base/sun.nio.fs=ALL-UNNAMED -Declipse.application=org.eclipse.jdt.ls.core.id1 -Dosgi.bundles.defaultStartLevel=4 -Declipse.product=org.eclipse.jdt.ls.core.product -Djava.import.generatesMetadataFilesAtProjectRoot=false -DDetectVMInstallationsJob.disabled=true -Dfile.encoding=utf8 -XX:+UseParallelGC -XX:GCTimeRatio=4 -XX:AdaptiveSizePolicyWeight=90 -Dsun.zip.disableMemoryMapping=true -Xmx2G -Xms100m -Xlog:disable -javaagent:c:\Users\Kasidit\.vscode\extensions\redhat.java-1.52.0-win32-x64\lombok\lombok-1.18.39-4050.jar -XX:+HeapDumpOnOutOfMemoryError -XX:HeapDumpPath=c:\Users\Kasidit\AppData\Roaming\Code\User\workspaceStorage\3c56febec22229e058cf2d660a35162d\redhat.java -Daether.dependencyCollector.impl=bf 
java_command: c:\Users\Kasidit\.vscode\extensions\redhat.java-1.52.0-win32-x64\server\plugins\org.eclipse.equinox.launcher_1.7.100.v20251111-0406.jar -configuration c:\Users\Kasidit\AppData\Roaming\Code\User\globalStorage\redhat.java\1.52.0\config_win -data c:\Users\Kasidit\AppData\Roaming\Code\User\workspaceStorage\3c56febec22229e058cf2d660a35162d\redhat.java\jdt_ws --pipe=\\.\pipe\lsp-eed4ff579de790965a1feaeac3470266-sock
java_class_path (initial): c:\Users\Kasidit\.vscode\extensions\redhat.java-1.52.0-win32-x64\server\plugins\org.eclipse.equinox.launcher_1.7.100.v20251111-0406.jar
Launcher Type: SUN_STANDARD

[Global flags]
    uintx AdaptiveSizePolicyWeight                 = 90                                        {product} {command line}
     intx CICompilerCount                          = 4                                         {product} {ergonomic}
    uintx GCTimeRatio                              = 4                                         {product} {command line}
     bool HeapDumpOnOutOfMemoryError               = true                                   {manageable} {command line}
    ccstr HeapDumpPath                             = c:\Users\Kasidit\AppData\Roaming\Code\User\workspaceStorage\3c56febec22229e058cf2d660a35162d\redhat.java         {manageable} {command line}
   size_t InitialHeapSize                          = 104857600                                 {product} {command line}
   size_t MaxHeapSize                              = 2147483648                                {product} {command line}
   size_t MaxNewSize                               = 715653120                                 {product} {ergonomic}
   size_t MinHeapDeltaBytes                        = 524288                                    {product} {ergonomic}
   size_t MinHeapSize                              = 104857600                                 {product} {command line}
   size_t NewSize                                  = 34603008                                  {product} {ergonomic}
    uintx NonNMethodCodeHeapSize                   = 5839372                                {pd product} {ergonomic}
    uintx NonProfiledCodeHeapSize                  = 122909434                              {pd product} {ergonomic}
   size_t OldSize                                  = 70254592                                  {product} {ergonomic}
    uintx ProfiledCodeHeapSize                     = 122909434                              {pd product} {ergonomic}
    uintx ReservedCodeCacheSize                    = 251658240                              {pd product} {ergonomic}
     bool SegmentedCodeCache                       = true                                      {product} {ergonomic}
   size_t SoftMaxHeapSize                          = 2147483648                             {manageable} {ergonomic}
     bool UseCompressedOops                        = true                           {product lp64_product} {ergonomic}
     bool UseLargePagesIndividualAllocation        = false                                  {pd product} {ergonomic}
     bool UseParallelGC                            = true                                      {product} {command line}

Logging:
Log output configuration:
 #0: stdout all=off uptime,level,tags foldmultilines=false
 #1: stderr all=off uptime,level,tags foldmultilines=false

Release file:
JAVA_VERSION="21.0.9" 
MODULES="java.base java.compiler java.datatransfer java.xml java.prefs java.desktop java.instrument java.logging java.management java.security.sasl java.naming java.rmi java.management.rmi java.net.http java.scripting java.security.jgss java.transaction.xa java.sql java.sql.rowset java.xml.crypto java.se java.smartcardio jdk.accessibility jdk.internal.jvmstat jdk.attach jdk.charsets jdk.internal.opt jdk.zipfs jdk.compiler jdk.crypto.ec jdk.crypto.cryptoki jdk.crypto.mscapi jdk.dynalink jdk.internal.ed jdk.editpad jdk.hotspot.agent jdk.httpserver jdk.internal.le jdk.internal.vm.ci jdk.internal.vm.compiler jdk.internal.vm.compiler.management jdk.jartool jdk.javadoc jdk.jcmd jdk.management jdk.management.agent jdk.jconsole jdk.jdeps jdk.jdwp.agent jdk.jdi jdk.jfr jdk.jshell jdk.jsobject jdk.jstatd jdk.localedata jdk.management.jfr jdk.naming.dns jdk.naming.rmi jdk.net jdk.nio.mapmode jdk.random jdk.sctp jdk.security.auth jdk.security.jgss jdk.unsupported jdk.unsupported.desktop jdk.xml.dom" 

Environment Variables:
JAVA_HOME=C:\Program Files\Java\jdk-17.0.11
PATH=C:\Program Files (x86)\VMware\VMware Workstation\bin\;C:\Program Files\Java\jdk-17.0.11\bin;C:\Python313\Scripts\;C:\Python313\;C:\Program Files (x86)\Common Files\Oracle\Java\java8path;C:\Program Files (x86)\Common Files\Oracle\Java\javapath;C:\ProgramData\Oracle\Java\javapath;C:\WINDOWS\system32;C:\WINDOWS;C:\WINDOWS\System32\Wbem;C:\WINDOWS\System32\WindowsPowerShell\v1.0\;C:\Program Files\Intel\WiFi\bin\;C:\Program Files\Common Files\Intel\WirelessCommon\;C:\WINDOWS\System32\OpenSSH\;C:\apache-maven-3.9.9\bin;C:\Program Files\nodejs\;C:\ProgramData\chocolatey\bin;C:\Program Files\Git\cmd;C:\Program Files\PowerShell\7\;C:\Program Files\Microsoft SQL Server\170\Tools\Binn\;C:\Program Files\Microsoft SQL Server\Client SDK\ODBC\170\Tools\Binn\;C:\Program Files\dotnet\;C:\Users\Kasidit\AppData\Local\Microsoft\WindowsApps;C:\Users\Kasidit\AppData\Local\Programs\Microsoft VS Code\bin;C:\Users\Kasidit\AppData\Roaming\npm;C:\Users\Kasidit\.dotnet\tools
USERNAME=Kasidit
OS=Windows_NT
PROCESSOR_IDENTIFIER=Intel64 Family 6 Model 142 Stepping 11, GenuineIntel
TMP=C:\Users\Kasidit\AppData\Local\Temp
TEMP=C:\Users\Kasidit\AppData\Local\Temp




Periodic native trim disabled

---------------  S Y S T E M  ---------------

OS:
 Windows 10 , 64 bit Build 19041 (10.0.19041.5915)
OS uptime: 1 days 3:17 hours

CPU: total 8 (initial active 8) (4 cores per cpu, 2 threads per core) family 6 model 142 stepping 11 microcode 0xb8, cx8, cmov, fxsr, ht, mmx, 3dnowpref, sse, sse2, sse3, ssse3, sse4.1, sse4.2, popcnt, lzcnt, tsc, tscinvbit, avx, avx2, aes, erms, clmul, bmi1, bmi2, adx, fma, vzeroupper, clflush, clflushopt, rdtscp, f16c
Processor Information for the first 8 processors :
  Max Mhz: 1800, Current Mhz: 1600, Mhz Limit: 1584

Memory: 4k page, system-wide physical 16017M (350M free)
TotalPageFile size 21219M (AvailPageFile size 7M)
current process WorkingSet (physical memory assigned to process): 180M, peak: 180M
current process commit charge ("private bytes"): 303M, peak: 305M

vm_info: OpenJDK 64-Bit Server VM (21.0.9+10-LTS) for windows-amd64 JRE (21.0.9+10-LTS), built on 2025-10-21T00:00:00Z by "admin" with unknown MS VC++:1942

END.
